<?xml version="1.0" encoding="utf-8" ?>
<!DOCTYPE html PUBLIC "-//W3C//DTD XHTML 1.0 Strict//EN"
        "http://www.w3.org/TR/xhtml1/DTD/xhtml1-strict.dtd">
<html xmlns="http://www.w3.org/1999/xhtml" xml:lang="" lang="">
<head>
  <title>Test Results Report - [TE China - BNL] - Non Travel Expense Claim Module Test</title>
  <meta http-equiv="Content-Type" content="text/html;charset=utf-8" />
  <meta name="description" content="TestNG unit test results." />
  <link href="reportng.css" rel="stylesheet" type="text/css" />
    <script type="text/javascript" src="reportng.js"></script>
</head>
<body>
<h1>[TE China - BNL] - Non Travel Expense Claim Module Test</h1>
<p>
  Test duration: 179.682s
</p>



  <table class="resultsTable">
    <tr><th colspan="3" class="header failed">Failed Tests</th></tr>
          <tr>
        <td colspan="3" class="group">tests.nonTravelExpenseClaim.NonTravelExpenseClaim_TestCases</td>
      </tr>
            
<tr>
  <td class="method">
                  <span class="description" title="Login as a Normal User and go to 'Non Travel Expense Claim', Verify the Details while 'Add' 'Delete' and 'save' Expense Under 'Local Transportation (Non Travel Expense) Section' and Verify Added total expense is equals to 'Amount*Rate'.">addDeleteAndTotalExpenseVerification_InLocalTransportationNonTravelExpense</span>
      </td>
  <td class="duration">
    1.842s
  </td>
  <td class="result">
        
    
            <div class="testOutput">
                        &lt;h3 style=&quot;color:#000080&quot;&gt; Login as a Normal User and go to &apos;Non Travel Expense Claim&apos;, Verify the Details while &apos;Add&apos; &apos;Delete&apos; and &apos;save&apos; Expense Under &apos;Local Transportation (Non Travel Expense) Section&apos; and Verify Added total expense is equals to &apos;Amount*Rate&apos;. &lt;/h3&gt;<br />
                  </div>
    

        <a href="javascript:toggleElement('exception-0', 'block')" title="Click to expand/collapse"><b>org.openqa.selenium.ElementNotVisibleException: The point at which the driver is attempting to click on the element was not scrolled into the viewport. (WARNING: The server did not provide any stacktrace information)<br/>
Command duration or timeout: 172 milliseconds<br/>
Build info: version: &apos;2.24.1&apos;, revision: &apos;17205&apos;, time: &apos;2012-06-19 17:28:14&apos;<br/>
System info: os.name: &apos;Windows 7&apos;, os.arch: &apos;x86&apos;, os.version: &apos;6.1&apos;, java.version: &apos;1.6.0_22&apos;<br/>
Driver info: driver.version: RemoteWebDriver<br/>
Session ID: 7cea6176-3ac6-44de-a26c-0038c0af67e3</b></a><br />
    <div class="stackTrace" id="exception-0">
              sun.reflect.NativeConstructorAccessorImpl.newInstance0(Native Method)<br />
              sun.reflect.NativeConstructorAccessorImpl.newInstance(Unknown Source)<br />
              sun.reflect.DelegatingConstructorAccessorImpl.newInstance(Unknown Source)<br />
              java.lang.reflect.Constructor.newInstance(Unknown Source)<br />
              org.openqa.selenium.remote.ErrorHandler.createThrowable(ErrorHandler.java:188)<br />
              org.openqa.selenium.remote.ErrorHandler.throwIfResponseFailed(ErrorHandler.java:145)<br />
              org.openqa.selenium.remote.RemoteWebDriver.execute(RemoteWebDriver.java:472)<br />
              org.openqa.selenium.remote.RemoteWebElement.execute(RemoteWebElement.java:244)<br />
              org.openqa.selenium.remote.RemoteWebElement.click(RemoteWebElement.java:77)<br />
              modules.NonTravelExpenseClaim.claimForNonTravelExpense(NonTravelExpenseClaim.java:46)<br />
              tests.nonTravelExpenseClaim.NonTravelExpenseClaim_TestCases.addDeleteAndTotalExpenseVerification_InLocalTransportationNonTravelExpense(NonTravelExpenseClaim_TestCases.java:128)<br />
              sun.reflect.NativeMethodAccessorImpl.invoke0(Native Method)<br />
              sun.reflect.NativeMethodAccessorImpl.invoke(Unknown Source)<br />
              sun.reflect.DelegatingMethodAccessorImpl.invoke(Unknown Source)<br />
              java.lang.reflect.Method.invoke(Unknown Source)<br />
              org.testng.internal.MethodInvocationHelper.invokeMethod(MethodInvocationHelper.java:80)<br />
              org.testng.internal.Invoker.invokeMethod(Invoker.java:691)<br />
              org.testng.internal.Invoker.invokeTestMethod(Invoker.java:883)<br />
              org.testng.internal.Invoker.invokeTestMethods(Invoker.java:1208)<br />
              org.testng.internal.TestMethodWorker.invokeTestMethods(TestMethodWorker.java:127)<br />
              org.testng.internal.TestMethodWorker.run(TestMethodWorker.java:111)<br />
              org.testng.TestRunner.privateRun(TestRunner.java:758)<br />
              org.testng.TestRunner.run(TestRunner.java:613)<br />
              org.testng.SuiteRunner.runTest(SuiteRunner.java:334)<br />
              org.testng.SuiteRunner.runSequentially(SuiteRunner.java:329)<br />
              org.testng.SuiteRunner.privateRun(SuiteRunner.java:291)<br />
              org.testng.SuiteRunner.run(SuiteRunner.java:240)<br />
              org.testng.SuiteRunnerWorker.runSuite(SuiteRunnerWorker.java:53)<br />
              org.testng.SuiteRunnerWorker.run(SuiteRunnerWorker.java:87)<br />
              org.testng.TestNG.runSuitesSequentially(TestNG.java:1142)<br />
              org.testng.TestNG.runSuitesLocally(TestNG.java:1067)<br />
              org.testng.TestNG.run(TestNG.java:979)<br />
              org.testng.remote.RemoteTestNG.run(RemoteTestNG.java:109)<br />
              org.testng.remote.RemoteTestNG.initAndRun(RemoteTestNG.java:202)<br />
              org.testng.remote.RemoteTestNG.main(RemoteTestNG.java:173)<br />
                </div>
      </td>
</tr>
<tr>
  <td class="method">
                  <span class="description" title="Login as a Normal User and go to 'Non Travel Expense Claim', Verify the Details while 'Add' 'Delete' and 'save' Expense Under 'Local Transportation ((Self Driving)) Section' and Verify Added total expense is equals to 'Kilometer*2(Rate)'.">addDeleteAndTotalExpenseVerification_InLocalTransportationSelfDrivingNonTravelExpense</span>
      </td>
  <td class="duration">
    1.858s
  </td>
  <td class="result">
        
    
            <div class="testOutput">
                        &lt;h3 style=&quot;color:#000080&quot;&gt; Login as a Normal User and go to &apos;Non Travel Expense Claim&apos;, Verify the Details while &apos;Add&apos; &apos;Delete&apos; and &apos;save&apos; Expense Under &apos;Local Transportation (Self Driving) Section&apos; and Verify Added total expense is equals to &apos;Kilometer*2(Rate)&apos;. &lt;/h3&gt;<br />
                  </div>
    

        <a href="javascript:toggleElement('exception-1', 'block')" title="Click to expand/collapse"><b>org.openqa.selenium.ElementNotVisibleException: The point at which the driver is attempting to click on the element was not scrolled into the viewport. (WARNING: The server did not provide any stacktrace information)<br/>
Command duration or timeout: 172 milliseconds<br/>
Build info: version: &apos;2.24.1&apos;, revision: &apos;17205&apos;, time: &apos;2012-06-19 17:28:14&apos;<br/>
System info: os.name: &apos;Windows 7&apos;, os.arch: &apos;x86&apos;, os.version: &apos;6.1&apos;, java.version: &apos;1.6.0_22&apos;<br/>
Driver info: driver.version: RemoteWebDriver<br/>
Session ID: 7cea6176-3ac6-44de-a26c-0038c0af67e3</b></a><br />
    <div class="stackTrace" id="exception-1">
              sun.reflect.NativeConstructorAccessorImpl.newInstance0(Native Method)<br />
              sun.reflect.NativeConstructorAccessorImpl.newInstance(Unknown Source)<br />
              sun.reflect.DelegatingConstructorAccessorImpl.newInstance(Unknown Source)<br />
              java.lang.reflect.Constructor.newInstance(Unknown Source)<br />
              org.openqa.selenium.remote.ErrorHandler.createThrowable(ErrorHandler.java:188)<br />
              org.openqa.selenium.remote.ErrorHandler.throwIfResponseFailed(ErrorHandler.java:145)<br />
              org.openqa.selenium.remote.RemoteWebDriver.execute(RemoteWebDriver.java:472)<br />
              org.openqa.selenium.remote.RemoteWebElement.execute(RemoteWebElement.java:244)<br />
              org.openqa.selenium.remote.RemoteWebElement.click(RemoteWebElement.java:77)<br />
              modules.NonTravelExpenseClaim.claimForNonTravelExpense(NonTravelExpenseClaim.java:46)<br />
              tests.nonTravelExpenseClaim.NonTravelExpenseClaim_TestCases.addDeleteAndTotalExpenseVerification_InLocalTransportationSelfDrivingNonTravelExpense(NonTravelExpenseClaim_TestCases.java:245)<br />
              sun.reflect.NativeMethodAccessorImpl.invoke0(Native Method)<br />
              sun.reflect.NativeMethodAccessorImpl.invoke(Unknown Source)<br />
              sun.reflect.DelegatingMethodAccessorImpl.invoke(Unknown Source)<br />
              java.lang.reflect.Method.invoke(Unknown Source)<br />
              org.testng.internal.MethodInvocationHelper.invokeMethod(MethodInvocationHelper.java:80)<br />
              org.testng.internal.Invoker.invokeMethod(Invoker.java:691)<br />
              org.testng.internal.Invoker.invokeTestMethod(Invoker.java:883)<br />
              org.testng.internal.Invoker.invokeTestMethods(Invoker.java:1208)<br />
              org.testng.internal.TestMethodWorker.invokeTestMethods(TestMethodWorker.java:127)<br />
              org.testng.internal.TestMethodWorker.run(TestMethodWorker.java:111)<br />
              org.testng.TestRunner.privateRun(TestRunner.java:758)<br />
              org.testng.TestRunner.run(TestRunner.java:613)<br />
              org.testng.SuiteRunner.runTest(SuiteRunner.java:334)<br />
              org.testng.SuiteRunner.runSequentially(SuiteRunner.java:329)<br />
              org.testng.SuiteRunner.privateRun(SuiteRunner.java:291)<br />
              org.testng.SuiteRunner.run(SuiteRunner.java:240)<br />
              org.testng.SuiteRunnerWorker.runSuite(SuiteRunnerWorker.java:53)<br />
              org.testng.SuiteRunnerWorker.run(SuiteRunnerWorker.java:87)<br />
              org.testng.TestNG.runSuitesSequentially(TestNG.java:1142)<br />
              org.testng.TestNG.runSuitesLocally(TestNG.java:1067)<br />
              org.testng.TestNG.run(TestNG.java:979)<br />
              org.testng.remote.RemoteTestNG.run(RemoteTestNG.java:109)<br />
              org.testng.remote.RemoteTestNG.initAndRun(RemoteTestNG.java:202)<br />
              org.testng.remote.RemoteTestNG.main(RemoteTestNG.java:173)<br />
                </div>
      </td>
</tr>
<tr>
  <td class="method">
                  <span class="description" title="Login as a Normal User and go to 'Non Travel Expense Claim', Verify the Details while 'Add' 'Edit' 'Delete' and 'save' Expense Under 'Other Section'.">addEditDeleteAndSaveExpense_InOthersSectionNonTravelExpense</span>
      </td>
  <td class="duration">
    1.842s
  </td>
  <td class="result">
        
    
            <div class="testOutput">
                        &lt;h3 style=&quot;color:#000080&quot;&gt; Login as a Normal User and go to &apos;Non Travel Expense Claim&apos;, Verify the Details while &apos;Add&apos; &apos;Edit&apos; &apos;Delete&apos; and &apos;save&apos; Expense Under &apos;Other Section&apos;. &lt;/h3&gt;<br />
                  </div>
    

        <a href="javascript:toggleElement('exception-2', 'block')" title="Click to expand/collapse"><b>org.openqa.selenium.ElementNotVisibleException: The point at which the driver is attempting to click on the element was not scrolled into the viewport. (WARNING: The server did not provide any stacktrace information)<br/>
Command duration or timeout: 172 milliseconds<br/>
Build info: version: &apos;2.24.1&apos;, revision: &apos;17205&apos;, time: &apos;2012-06-19 17:28:14&apos;<br/>
System info: os.name: &apos;Windows 7&apos;, os.arch: &apos;x86&apos;, os.version: &apos;6.1&apos;, java.version: &apos;1.6.0_22&apos;<br/>
Driver info: driver.version: RemoteWebDriver<br/>
Session ID: 7cea6176-3ac6-44de-a26c-0038c0af67e3</b></a><br />
    <div class="stackTrace" id="exception-2">
              sun.reflect.NativeConstructorAccessorImpl.newInstance0(Native Method)<br />
              sun.reflect.NativeConstructorAccessorImpl.newInstance(Unknown Source)<br />
              sun.reflect.DelegatingConstructorAccessorImpl.newInstance(Unknown Source)<br />
              java.lang.reflect.Constructor.newInstance(Unknown Source)<br />
              org.openqa.selenium.remote.ErrorHandler.createThrowable(ErrorHandler.java:188)<br />
              org.openqa.selenium.remote.ErrorHandler.throwIfResponseFailed(ErrorHandler.java:145)<br />
              org.openqa.selenium.remote.RemoteWebDriver.execute(RemoteWebDriver.java:472)<br />
              org.openqa.selenium.remote.RemoteWebElement.execute(RemoteWebElement.java:244)<br />
              org.openqa.selenium.remote.RemoteWebElement.click(RemoteWebElement.java:77)<br />
              modules.NonTravelExpenseClaim.claimForNonTravelExpense(NonTravelExpenseClaim.java:46)<br />
              tests.nonTravelExpenseClaim.NonTravelExpenseClaim_TestCases.addEditDeleteAndSaveExpense_InOthersSectionNonTravelExpense(NonTravelExpenseClaim_TestCases.java:362)<br />
              sun.reflect.NativeMethodAccessorImpl.invoke0(Native Method)<br />
              sun.reflect.NativeMethodAccessorImpl.invoke(Unknown Source)<br />
              sun.reflect.DelegatingMethodAccessorImpl.invoke(Unknown Source)<br />
              java.lang.reflect.Method.invoke(Unknown Source)<br />
              org.testng.internal.MethodInvocationHelper.invokeMethod(MethodInvocationHelper.java:80)<br />
              org.testng.internal.Invoker.invokeMethod(Invoker.java:691)<br />
              org.testng.internal.Invoker.invokeTestMethod(Invoker.java:883)<br />
              org.testng.internal.Invoker.invokeTestMethods(Invoker.java:1208)<br />
              org.testng.internal.TestMethodWorker.invokeTestMethods(TestMethodWorker.java:127)<br />
              org.testng.internal.TestMethodWorker.run(TestMethodWorker.java:111)<br />
              org.testng.TestRunner.privateRun(TestRunner.java:758)<br />
              org.testng.TestRunner.run(TestRunner.java:613)<br />
              org.testng.SuiteRunner.runTest(SuiteRunner.java:334)<br />
              org.testng.SuiteRunner.runSequentially(SuiteRunner.java:329)<br />
              org.testng.SuiteRunner.privateRun(SuiteRunner.java:291)<br />
              org.testng.SuiteRunner.run(SuiteRunner.java:240)<br />
              org.testng.SuiteRunnerWorker.runSuite(SuiteRunnerWorker.java:53)<br />
              org.testng.SuiteRunnerWorker.run(SuiteRunnerWorker.java:87)<br />
              org.testng.TestNG.runSuitesSequentially(TestNG.java:1142)<br />
              org.testng.TestNG.runSuitesLocally(TestNG.java:1067)<br />
              org.testng.TestNG.run(TestNG.java:979)<br />
              org.testng.remote.RemoteTestNG.run(RemoteTestNG.java:109)<br />
              org.testng.remote.RemoteTestNG.initAndRun(RemoteTestNG.java:202)<br />
              org.testng.remote.RemoteTestNG.main(RemoteTestNG.java:173)<br />
                </div>
      </td>
</tr>
<tr>
  <td class="method">
                  <span class="description" title="Login as a Normal User and go to 'Non Travel Expense Claim', Verify the Details while 'Add' 'Edit' 'Delete' and 'save' Expense Under 'Internal Meeting Section', Add One more Expense (with Same Data)and verify both expense Added amount displaying on Header.">addViewEditDeleteAndSaveExpense_InInternalMeetingNonTravelExpense</span>
      </td>
  <td class="duration">
    1.905s
  </td>
  <td class="result">
        
    
            <div class="testOutput">
                        &lt;h3 style=&quot;color:#000080&quot;&gt; Login as a Normal User and go to &apos;Non Travel Expense Claim&apos;, Verify the Details while &apos;Add&apos; &apos;View&apos; &apos;Edit&apos; &apos;Delete&apos; and &apos;save&apos; Expense Under &apos;Internal Meeting Section&apos;, Add One more Expense (with Same Data)and verify both expense Added amount displaying on Header. &lt;/h3&gt;<br />
                  </div>
    

        <a href="javascript:toggleElement('exception-3', 'block')" title="Click to expand/collapse"><b>org.openqa.selenium.ElementNotVisibleException: The point at which the driver is attempting to click on the element was not scrolled into the viewport. (WARNING: The server did not provide any stacktrace information)<br/>
Command duration or timeout: 156 milliseconds<br/>
Build info: version: &apos;2.24.1&apos;, revision: &apos;17205&apos;, time: &apos;2012-06-19 17:28:14&apos;<br/>
System info: os.name: &apos;Windows 7&apos;, os.arch: &apos;x86&apos;, os.version: &apos;6.1&apos;, java.version: &apos;1.6.0_22&apos;<br/>
Driver info: driver.version: RemoteWebDriver<br/>
Session ID: 7cea6176-3ac6-44de-a26c-0038c0af67e3</b></a><br />
    <div class="stackTrace" id="exception-3">
              sun.reflect.GeneratedConstructorAccessor19.newInstance(Unknown Source)<br />
              sun.reflect.DelegatingConstructorAccessorImpl.newInstance(Unknown Source)<br />
              java.lang.reflect.Constructor.newInstance(Unknown Source)<br />
              org.openqa.selenium.remote.ErrorHandler.createThrowable(ErrorHandler.java:188)<br />
              org.openqa.selenium.remote.ErrorHandler.throwIfResponseFailed(ErrorHandler.java:145)<br />
              org.openqa.selenium.remote.RemoteWebDriver.execute(RemoteWebDriver.java:472)<br />
              org.openqa.selenium.remote.RemoteWebElement.execute(RemoteWebElement.java:244)<br />
              org.openqa.selenium.remote.RemoteWebElement.click(RemoteWebElement.java:77)<br />
              modules.NonTravelExpenseClaim.claimForNonTravelExpense(NonTravelExpenseClaim.java:46)<br />
              tests.nonTravelExpenseClaim.NonTravelExpenseClaim_TestCases.addViewEditDeleteAndSaveExpense_InInternalMeetingNonTravelExpense(NonTravelExpenseClaim_TestCases.java:520)<br />
              sun.reflect.NativeMethodAccessorImpl.invoke0(Native Method)<br />
              sun.reflect.NativeMethodAccessorImpl.invoke(Unknown Source)<br />
              sun.reflect.DelegatingMethodAccessorImpl.invoke(Unknown Source)<br />
              java.lang.reflect.Method.invoke(Unknown Source)<br />
              org.testng.internal.MethodInvocationHelper.invokeMethod(MethodInvocationHelper.java:80)<br />
              org.testng.internal.Invoker.invokeMethod(Invoker.java:691)<br />
              org.testng.internal.Invoker.invokeTestMethod(Invoker.java:883)<br />
              org.testng.internal.Invoker.invokeTestMethods(Invoker.java:1208)<br />
              org.testng.internal.TestMethodWorker.invokeTestMethods(TestMethodWorker.java:127)<br />
              org.testng.internal.TestMethodWorker.run(TestMethodWorker.java:111)<br />
              org.testng.TestRunner.privateRun(TestRunner.java:758)<br />
              org.testng.TestRunner.run(TestRunner.java:613)<br />
              org.testng.SuiteRunner.runTest(SuiteRunner.java:334)<br />
              org.testng.SuiteRunner.runSequentially(SuiteRunner.java:329)<br />
              org.testng.SuiteRunner.privateRun(SuiteRunner.java:291)<br />
              org.testng.SuiteRunner.run(SuiteRunner.java:240)<br />
              org.testng.SuiteRunnerWorker.runSuite(SuiteRunnerWorker.java:53)<br />
              org.testng.SuiteRunnerWorker.run(SuiteRunnerWorker.java:87)<br />
              org.testng.TestNG.runSuitesSequentially(TestNG.java:1142)<br />
              org.testng.TestNG.runSuitesLocally(TestNG.java:1067)<br />
              org.testng.TestNG.run(TestNG.java:979)<br />
              org.testng.remote.RemoteTestNG.run(RemoteTestNG.java:109)<br />
              org.testng.remote.RemoteTestNG.initAndRun(RemoteTestNG.java:202)<br />
              org.testng.remote.RemoteTestNG.main(RemoteTestNG.java:173)<br />
                </div>
      </td>
</tr>
<tr>
  <td class="method">
                  <span class="description" title="Login as a Normal User and go to 'Non Travel Expense Claim', Check and select the 'Type Of Entertainment' Options under 'Internal Meeting Section', and verify dependent radio button is enable and disable, and verify Add and Delete Rows.">checkAndVerifyTypeOfEntertainmentOptionAndAddDeleteRows_InInternalMeetingNonTravelExpense</span>
      </td>
  <td class="duration">
    1.873s
  </td>
  <td class="result">
        
    
            <div class="testOutput">
                        &lt;h3 style=&quot;color:#000080&quot;&gt; Login as a Normal User and go to &apos;Non Travel Expense Claim&apos;, Check and select the &apos;Type Of Entertainment&apos; Options under &apos;Internal Meeting Section&apos;, and verify dependent radio button is enable and disable, and verify Add and Delete Rows. &lt;/h3&gt;<br />
                  </div>
    

        <a href="javascript:toggleElement('exception-4', 'block')" title="Click to expand/collapse"><b>org.openqa.selenium.ElementNotVisibleException: The point at which the driver is attempting to click on the element was not scrolled into the viewport. (WARNING: The server did not provide any stacktrace information)<br/>
Command duration or timeout: 171 milliseconds<br/>
Build info: version: &apos;2.24.1&apos;, revision: &apos;17205&apos;, time: &apos;2012-06-19 17:28:14&apos;<br/>
System info: os.name: &apos;Windows 7&apos;, os.arch: &apos;x86&apos;, os.version: &apos;6.1&apos;, java.version: &apos;1.6.0_22&apos;<br/>
Driver info: driver.version: RemoteWebDriver<br/>
Session ID: 7cea6176-3ac6-44de-a26c-0038c0af67e3</b></a><br />
    <div class="stackTrace" id="exception-4">
              sun.reflect.GeneratedConstructorAccessor19.newInstance(Unknown Source)<br />
              sun.reflect.DelegatingConstructorAccessorImpl.newInstance(Unknown Source)<br />
              java.lang.reflect.Constructor.newInstance(Unknown Source)<br />
              org.openqa.selenium.remote.ErrorHandler.createThrowable(ErrorHandler.java:188)<br />
              org.openqa.selenium.remote.ErrorHandler.throwIfResponseFailed(ErrorHandler.java:145)<br />
              org.openqa.selenium.remote.RemoteWebDriver.execute(RemoteWebDriver.java:472)<br />
              org.openqa.selenium.remote.RemoteWebElement.execute(RemoteWebElement.java:244)<br />
              org.openqa.selenium.remote.RemoteWebElement.click(RemoteWebElement.java:77)<br />
              modules.NonTravelExpenseClaim.claimForNonTravelExpense(NonTravelExpenseClaim.java:46)<br />
              tests.nonTravelExpenseClaim.NonTravelExpenseClaim_TestCases.checkAndVerifyTypeOfEntertainmentOptionAndAddDeleteRows_InInternalMeetingNonTravelExpense(NonTravelExpenseClaim_TestCases.java:468)<br />
              sun.reflect.NativeMethodAccessorImpl.invoke0(Native Method)<br />
              sun.reflect.NativeMethodAccessorImpl.invoke(Unknown Source)<br />
              sun.reflect.DelegatingMethodAccessorImpl.invoke(Unknown Source)<br />
              java.lang.reflect.Method.invoke(Unknown Source)<br />
              org.testng.internal.MethodInvocationHelper.invokeMethod(MethodInvocationHelper.java:80)<br />
              org.testng.internal.Invoker.invokeMethod(Invoker.java:691)<br />
              org.testng.internal.Invoker.invokeTestMethod(Invoker.java:883)<br />
              org.testng.internal.Invoker.invokeTestMethods(Invoker.java:1208)<br />
              org.testng.internal.TestMethodWorker.invokeTestMethods(TestMethodWorker.java:127)<br />
              org.testng.internal.TestMethodWorker.run(TestMethodWorker.java:111)<br />
              org.testng.TestRunner.privateRun(TestRunner.java:758)<br />
              org.testng.TestRunner.run(TestRunner.java:613)<br />
              org.testng.SuiteRunner.runTest(SuiteRunner.java:334)<br />
              org.testng.SuiteRunner.runSequentially(SuiteRunner.java:329)<br />
              org.testng.SuiteRunner.privateRun(SuiteRunner.java:291)<br />
              org.testng.SuiteRunner.run(SuiteRunner.java:240)<br />
              org.testng.SuiteRunnerWorker.runSuite(SuiteRunnerWorker.java:53)<br />
              org.testng.SuiteRunnerWorker.run(SuiteRunnerWorker.java:87)<br />
              org.testng.TestNG.runSuitesSequentially(TestNG.java:1142)<br />
              org.testng.TestNG.runSuitesLocally(TestNG.java:1067)<br />
              org.testng.TestNG.run(TestNG.java:979)<br />
              org.testng.remote.RemoteTestNG.run(RemoteTestNG.java:109)<br />
              org.testng.remote.RemoteTestNG.initAndRun(RemoteTestNG.java:202)<br />
              org.testng.remote.RemoteTestNG.main(RemoteTestNG.java:173)<br />
                </div>
      </td>
</tr>
<tr>
  <td class="method">
                  <span class="description" title="Login as a Normal User and go to 'Non Travel Expense Claim' and Check the Validation for fields under 'Internal Meeting Section', and Verify Added total expense in 'Internal Meeting Section' is equals to 'Amount*Rate'.">checkValidationOfFieldsAndTotalExpense_InInternalMeetingNonTravelExpense</span>
      </td>
  <td class="duration">
    1.904s
  </td>
  <td class="result">
        
    
            <div class="testOutput">
                        &lt;h3 style=&quot;color:#000080&quot;&gt; Login as a Normal User and go to &apos;Non Travel Expense Claim&apos; and Check the Validation for fields under &apos;Internal Meeting Section&apos;, and Verify Added total expense in &apos;Internal Meeting Section&apos; is equals to &apos;Amount*Rate&apos;. &lt;/h3&gt;<br />
                  </div>
    

        <a href="javascript:toggleElement('exception-5', 'block')" title="Click to expand/collapse"><b>org.openqa.selenium.ElementNotVisibleException: The point at which the driver is attempting to click on the element was not scrolled into the viewport. (WARNING: The server did not provide any stacktrace information)<br/>
Command duration or timeout: 172 milliseconds<br/>
Build info: version: &apos;2.24.1&apos;, revision: &apos;17205&apos;, time: &apos;2012-06-19 17:28:14&apos;<br/>
System info: os.name: &apos;Windows 7&apos;, os.arch: &apos;x86&apos;, os.version: &apos;6.1&apos;, java.version: &apos;1.6.0_22&apos;<br/>
Driver info: driver.version: RemoteWebDriver<br/>
Session ID: 7cea6176-3ac6-44de-a26c-0038c0af67e3</b></a><br />
    <div class="stackTrace" id="exception-5">
              sun.reflect.GeneratedConstructorAccessor19.newInstance(Unknown Source)<br />
              sun.reflect.DelegatingConstructorAccessorImpl.newInstance(Unknown Source)<br />
              java.lang.reflect.Constructor.newInstance(Unknown Source)<br />
              org.openqa.selenium.remote.ErrorHandler.createThrowable(ErrorHandler.java:188)<br />
              org.openqa.selenium.remote.ErrorHandler.throwIfResponseFailed(ErrorHandler.java:145)<br />
              org.openqa.selenium.remote.RemoteWebDriver.execute(RemoteWebDriver.java:472)<br />
              org.openqa.selenium.remote.RemoteWebElement.execute(RemoteWebElement.java:244)<br />
              org.openqa.selenium.remote.RemoteWebElement.click(RemoteWebElement.java:77)<br />
              modules.NonTravelExpenseClaim.claimForNonTravelExpense(NonTravelExpenseClaim.java:46)<br />
              tests.nonTravelExpenseClaim.NonTravelExpenseClaim_TestCases.checkValidationOfFieldsAndTotalExpense_InInternalMeetingNonTravelExpense(NonTravelExpenseClaim_TestCases.java:443)<br />
              sun.reflect.NativeMethodAccessorImpl.invoke0(Native Method)<br />
              sun.reflect.NativeMethodAccessorImpl.invoke(Unknown Source)<br />
              sun.reflect.DelegatingMethodAccessorImpl.invoke(Unknown Source)<br />
              java.lang.reflect.Method.invoke(Unknown Source)<br />
              org.testng.internal.MethodInvocationHelper.invokeMethod(MethodInvocationHelper.java:80)<br />
              org.testng.internal.Invoker.invokeMethod(Invoker.java:691)<br />
              org.testng.internal.Invoker.invokeTestMethod(Invoker.java:883)<br />
              org.testng.internal.Invoker.invokeTestMethods(Invoker.java:1208)<br />
              org.testng.internal.TestMethodWorker.invokeTestMethods(TestMethodWorker.java:127)<br />
              org.testng.internal.TestMethodWorker.run(TestMethodWorker.java:111)<br />
              org.testng.TestRunner.privateRun(TestRunner.java:758)<br />
              org.testng.TestRunner.run(TestRunner.java:613)<br />
              org.testng.SuiteRunner.runTest(SuiteRunner.java:334)<br />
              org.testng.SuiteRunner.runSequentially(SuiteRunner.java:329)<br />
              org.testng.SuiteRunner.privateRun(SuiteRunner.java:291)<br />
              org.testng.SuiteRunner.run(SuiteRunner.java:240)<br />
              org.testng.SuiteRunnerWorker.runSuite(SuiteRunnerWorker.java:53)<br />
              org.testng.SuiteRunnerWorker.run(SuiteRunnerWorker.java:87)<br />
              org.testng.TestNG.runSuitesSequentially(TestNG.java:1142)<br />
              org.testng.TestNG.runSuitesLocally(TestNG.java:1067)<br />
              org.testng.TestNG.run(TestNG.java:979)<br />
              org.testng.remote.RemoteTestNG.run(RemoteTestNG.java:109)<br />
              org.testng.remote.RemoteTestNG.initAndRun(RemoteTestNG.java:202)<br />
              org.testng.remote.RemoteTestNG.main(RemoteTestNG.java:173)<br />
                </div>
      </td>
</tr>
<tr>
  <td class="method">
                  <span class="description" title="Login as a Normal User and go to 'Non Travel Expense Claim' and Check the Validation for fields under 'Local Transportation (Self Driving) Section', and Verify Added total expense in 'Local Transportation (Non Travel Expense) Section' is equals to 'Kilometer*2(Rate)'.">checkValidationOfFieldsAndTotalExpense_InLocalTransportationSelfDrivingNonTravelExpense</span>
      </td>
  <td class="duration">
    1.858s
  </td>
  <td class="result">
        
    
            <div class="testOutput">
                        &lt;h3 style=&quot;color:#000080&quot;&gt; Login as a Normal User and go to &apos;Non Travel Expense Claim&apos; and Check the Validation for fields under &apos;Local Transportation (Self Driving) Section&apos;, and Verify Added total expense in &apos;Local Transportation (Non Travel Expense) Section&apos; is equals to &apos;Kilometer*2(Rate)&apos;. &lt;/h3&gt;<br />
                  </div>
    

        <a href="javascript:toggleElement('exception-6', 'block')" title="Click to expand/collapse"><b>org.openqa.selenium.ElementNotVisibleException: The point at which the driver is attempting to click on the element was not scrolled into the viewport. (WARNING: The server did not provide any stacktrace information)<br/>
Command duration or timeout: 172 milliseconds<br/>
Build info: version: &apos;2.24.1&apos;, revision: &apos;17205&apos;, time: &apos;2012-06-19 17:28:14&apos;<br/>
System info: os.name: &apos;Windows 7&apos;, os.arch: &apos;x86&apos;, os.version: &apos;6.1&apos;, java.version: &apos;1.6.0_22&apos;<br/>
Driver info: driver.version: RemoteWebDriver<br/>
Session ID: 7cea6176-3ac6-44de-a26c-0038c0af67e3</b></a><br />
    <div class="stackTrace" id="exception-6">
              sun.reflect.NativeConstructorAccessorImpl.newInstance0(Native Method)<br />
              sun.reflect.NativeConstructorAccessorImpl.newInstance(Unknown Source)<br />
              sun.reflect.DelegatingConstructorAccessorImpl.newInstance(Unknown Source)<br />
              java.lang.reflect.Constructor.newInstance(Unknown Source)<br />
              org.openqa.selenium.remote.ErrorHandler.createThrowable(ErrorHandler.java:188)<br />
              org.openqa.selenium.remote.ErrorHandler.throwIfResponseFailed(ErrorHandler.java:145)<br />
              org.openqa.selenium.remote.RemoteWebDriver.execute(RemoteWebDriver.java:472)<br />
              org.openqa.selenium.remote.RemoteWebElement.execute(RemoteWebElement.java:244)<br />
              org.openqa.selenium.remote.RemoteWebElement.click(RemoteWebElement.java:77)<br />
              modules.NonTravelExpenseClaim.claimForNonTravelExpense(NonTravelExpenseClaim.java:46)<br />
              tests.nonTravelExpenseClaim.NonTravelExpenseClaim_TestCases.checkValidationOfFieldsAndTotalExpense_InLocalTransportationSelfDrivingNonTravelExpense(NonTravelExpenseClaim_TestCases.java:222)<br />
              sun.reflect.NativeMethodAccessorImpl.invoke0(Native Method)<br />
              sun.reflect.NativeMethodAccessorImpl.invoke(Unknown Source)<br />
              sun.reflect.DelegatingMethodAccessorImpl.invoke(Unknown Source)<br />
              java.lang.reflect.Method.invoke(Unknown Source)<br />
              org.testng.internal.MethodInvocationHelper.invokeMethod(MethodInvocationHelper.java:80)<br />
              org.testng.internal.Invoker.invokeMethod(Invoker.java:691)<br />
              org.testng.internal.Invoker.invokeTestMethod(Invoker.java:883)<br />
              org.testng.internal.Invoker.invokeTestMethods(Invoker.java:1208)<br />
              org.testng.internal.TestMethodWorker.invokeTestMethods(TestMethodWorker.java:127)<br />
              org.testng.internal.TestMethodWorker.run(TestMethodWorker.java:111)<br />
              org.testng.TestRunner.privateRun(TestRunner.java:758)<br />
              org.testng.TestRunner.run(TestRunner.java:613)<br />
              org.testng.SuiteRunner.runTest(SuiteRunner.java:334)<br />
              org.testng.SuiteRunner.runSequentially(SuiteRunner.java:329)<br />
              org.testng.SuiteRunner.privateRun(SuiteRunner.java:291)<br />
              org.testng.SuiteRunner.run(SuiteRunner.java:240)<br />
              org.testng.SuiteRunnerWorker.runSuite(SuiteRunnerWorker.java:53)<br />
              org.testng.SuiteRunnerWorker.run(SuiteRunnerWorker.java:87)<br />
              org.testng.TestNG.runSuitesSequentially(TestNG.java:1142)<br />
              org.testng.TestNG.runSuitesLocally(TestNG.java:1067)<br />
              org.testng.TestNG.run(TestNG.java:979)<br />
              org.testng.remote.RemoteTestNG.run(RemoteTestNG.java:109)<br />
              org.testng.remote.RemoteTestNG.initAndRun(RemoteTestNG.java:202)<br />
              org.testng.remote.RemoteTestNG.main(RemoteTestNG.java:173)<br />
                </div>
      </td>
</tr>
<tr>
  <td class="method">
                  <span class="description" title="Login as a Normal User and go to 'Non Travel Expense Claim' and Check the Validation for fields under 'Local Transportation (Non Travel Expense) Section', and Verify Added total expense in 'Local Transportation (Non Travel Expense) Section' is equals to 'Amount*Rate'.">checkValidationOfFieldsAndTotalRate_InLocalTransportationNonTravelExpense</span>
      </td>
  <td class="duration">
    1.873s
  </td>
  <td class="result">
        
    
            <div class="testOutput">
                        &lt;h3 style=&quot;color:#000080&quot;&gt; Login as a Normal User and go to &apos;Non Travel Expense Claim&apos; and Check the Validation for fields under &apos;Local Transportation (Non Travel Expense) Section&apos;, and Verify Added total expense in &apos;Local Transportation (Non Travel Expense) Section&apos; is equals to &apos;Amount*Rate&apos;. &lt;/h3&gt;<br />
                  </div>
    

        <a href="javascript:toggleElement('exception-7', 'block')" title="Click to expand/collapse"><b>org.openqa.selenium.ElementNotVisibleException: The point at which the driver is attempting to click on the element was not scrolled into the viewport. (WARNING: The server did not provide any stacktrace information)<br/>
Command duration or timeout: 187 milliseconds<br/>
Build info: version: &apos;2.24.1&apos;, revision: &apos;17205&apos;, time: &apos;2012-06-19 17:28:14&apos;<br/>
System info: os.name: &apos;Windows 7&apos;, os.arch: &apos;x86&apos;, os.version: &apos;6.1&apos;, java.version: &apos;1.6.0_22&apos;<br/>
Driver info: driver.version: RemoteWebDriver<br/>
Session ID: 7cea6176-3ac6-44de-a26c-0038c0af67e3</b></a><br />
    <div class="stackTrace" id="exception-7">
              sun.reflect.NativeConstructorAccessorImpl.newInstance0(Native Method)<br />
              sun.reflect.NativeConstructorAccessorImpl.newInstance(Unknown Source)<br />
              sun.reflect.DelegatingConstructorAccessorImpl.newInstance(Unknown Source)<br />
              java.lang.reflect.Constructor.newInstance(Unknown Source)<br />
              org.openqa.selenium.remote.ErrorHandler.createThrowable(ErrorHandler.java:188)<br />
              org.openqa.selenium.remote.ErrorHandler.throwIfResponseFailed(ErrorHandler.java:145)<br />
              org.openqa.selenium.remote.RemoteWebDriver.execute(RemoteWebDriver.java:472)<br />
              org.openqa.selenium.remote.RemoteWebElement.execute(RemoteWebElement.java:244)<br />
              org.openqa.selenium.remote.RemoteWebElement.click(RemoteWebElement.java:77)<br />
              modules.NonTravelExpenseClaim.claimForNonTravelExpense(NonTravelExpenseClaim.java:46)<br />
              tests.nonTravelExpenseClaim.NonTravelExpenseClaim_TestCases.checkValidationOfFieldsAndTotalRate_InLocalTransportationNonTravelExpense(NonTravelExpenseClaim_TestCases.java:105)<br />
              sun.reflect.NativeMethodAccessorImpl.invoke0(Native Method)<br />
              sun.reflect.NativeMethodAccessorImpl.invoke(Unknown Source)<br />
              sun.reflect.DelegatingMethodAccessorImpl.invoke(Unknown Source)<br />
              java.lang.reflect.Method.invoke(Unknown Source)<br />
              org.testng.internal.MethodInvocationHelper.invokeMethod(MethodInvocationHelper.java:80)<br />
              org.testng.internal.Invoker.invokeMethod(Invoker.java:691)<br />
              org.testng.internal.Invoker.invokeTestMethod(Invoker.java:883)<br />
              org.testng.internal.Invoker.invokeTestMethods(Invoker.java:1208)<br />
              org.testng.internal.TestMethodWorker.invokeTestMethods(TestMethodWorker.java:127)<br />
              org.testng.internal.TestMethodWorker.run(TestMethodWorker.java:111)<br />
              org.testng.TestRunner.privateRun(TestRunner.java:758)<br />
              org.testng.TestRunner.run(TestRunner.java:613)<br />
              org.testng.SuiteRunner.runTest(SuiteRunner.java:334)<br />
              org.testng.SuiteRunner.runSequentially(SuiteRunner.java:329)<br />
              org.testng.SuiteRunner.privateRun(SuiteRunner.java:291)<br />
              org.testng.SuiteRunner.run(SuiteRunner.java:240)<br />
              org.testng.SuiteRunnerWorker.runSuite(SuiteRunnerWorker.java:53)<br />
              org.testng.SuiteRunnerWorker.run(SuiteRunnerWorker.java:87)<br />
              org.testng.TestNG.runSuitesSequentially(TestNG.java:1142)<br />
              org.testng.TestNG.runSuitesLocally(TestNG.java:1067)<br />
              org.testng.TestNG.run(TestNG.java:979)<br />
              org.testng.remote.RemoteTestNG.run(RemoteTestNG.java:109)<br />
              org.testng.remote.RemoteTestNG.initAndRun(RemoteTestNG.java:202)<br />
              org.testng.remote.RemoteTestNG.main(RemoteTestNG.java:173)<br />
                </div>
      </td>
</tr>
<tr>
  <td class="method">
                  <span class="description" title="Login as a Normal User and go to 'Non Travel Expense Claim' and Check the Validation for fields under 'Others Header Section', and Verify Added total expense in 'Other Section' is equals to 'Amount*Rate'.">checkValidationOfFieldsAndTotalRate_InOthersSectionNonTravelExpense</span>
      </td>
  <td class="duration">
    1.889s
  </td>
  <td class="result">
        
    
            <div class="testOutput">
                        &lt;h3 style=&quot;color:#000080&quot;&gt; Login as a Normal User and go to &apos;Non Travel Expense Claim&apos; and Check the Validation for fields under &apos;Others Header Section&apos;, and Verify Added total expense in &apos;Other Section&apos; is equals to &apos;Amount*Rate&apos;. &lt;/h3&gt;<br />
                  </div>
    

        <a href="javascript:toggleElement('exception-8', 'block')" title="Click to expand/collapse"><b>org.openqa.selenium.ElementNotVisibleException: The point at which the driver is attempting to click on the element was not scrolled into the viewport. (WARNING: The server did not provide any stacktrace information)<br/>
Command duration or timeout: 172 milliseconds<br/>
Build info: version: &apos;2.24.1&apos;, revision: &apos;17205&apos;, time: &apos;2012-06-19 17:28:14&apos;<br/>
System info: os.name: &apos;Windows 7&apos;, os.arch: &apos;x86&apos;, os.version: &apos;6.1&apos;, java.version: &apos;1.6.0_22&apos;<br/>
Driver info: driver.version: RemoteWebDriver<br/>
Session ID: 7cea6176-3ac6-44de-a26c-0038c0af67e3</b></a><br />
    <div class="stackTrace" id="exception-8">
              sun.reflect.NativeConstructorAccessorImpl.newInstance0(Native Method)<br />
              sun.reflect.NativeConstructorAccessorImpl.newInstance(Unknown Source)<br />
              sun.reflect.DelegatingConstructorAccessorImpl.newInstance(Unknown Source)<br />
              java.lang.reflect.Constructor.newInstance(Unknown Source)<br />
              org.openqa.selenium.remote.ErrorHandler.createThrowable(ErrorHandler.java:188)<br />
              org.openqa.selenium.remote.ErrorHandler.throwIfResponseFailed(ErrorHandler.java:145)<br />
              org.openqa.selenium.remote.RemoteWebDriver.execute(RemoteWebDriver.java:472)<br />
              org.openqa.selenium.remote.RemoteWebElement.execute(RemoteWebElement.java:244)<br />
              org.openqa.selenium.remote.RemoteWebElement.click(RemoteWebElement.java:77)<br />
              modules.NonTravelExpenseClaim.claimForNonTravelExpense(NonTravelExpenseClaim.java:46)<br />
              tests.nonTravelExpenseClaim.NonTravelExpenseClaim_TestCases.checkValidationOfFieldsAndTotalRate_InOthersSectionNonTravelExpense(NonTravelExpenseClaim_TestCases.java:336)<br />
              sun.reflect.NativeMethodAccessorImpl.invoke0(Native Method)<br />
              sun.reflect.NativeMethodAccessorImpl.invoke(Unknown Source)<br />
              sun.reflect.DelegatingMethodAccessorImpl.invoke(Unknown Source)<br />
              java.lang.reflect.Method.invoke(Unknown Source)<br />
              org.testng.internal.MethodInvocationHelper.invokeMethod(MethodInvocationHelper.java:80)<br />
              org.testng.internal.Invoker.invokeMethod(Invoker.java:691)<br />
              org.testng.internal.Invoker.invokeTestMethod(Invoker.java:883)<br />
              org.testng.internal.Invoker.invokeTestMethods(Invoker.java:1208)<br />
              org.testng.internal.TestMethodWorker.invokeTestMethods(TestMethodWorker.java:127)<br />
              org.testng.internal.TestMethodWorker.run(TestMethodWorker.java:111)<br />
              org.testng.TestRunner.privateRun(TestRunner.java:758)<br />
              org.testng.TestRunner.run(TestRunner.java:613)<br />
              org.testng.SuiteRunner.runTest(SuiteRunner.java:334)<br />
              org.testng.SuiteRunner.runSequentially(SuiteRunner.java:329)<br />
              org.testng.SuiteRunner.privateRun(SuiteRunner.java:291)<br />
              org.testng.SuiteRunner.run(SuiteRunner.java:240)<br />
              org.testng.SuiteRunnerWorker.runSuite(SuiteRunnerWorker.java:53)<br />
              org.testng.SuiteRunnerWorker.run(SuiteRunnerWorker.java:87)<br />
              org.testng.TestNG.runSuitesSequentially(TestNG.java:1142)<br />
              org.testng.TestNG.runSuitesLocally(TestNG.java:1067)<br />
              org.testng.TestNG.run(TestNG.java:979)<br />
              org.testng.remote.RemoteTestNG.run(RemoteTestNG.java:109)<br />
              org.testng.remote.RemoteTestNG.initAndRun(RemoteTestNG.java:202)<br />
              org.testng.remote.RemoteTestNG.main(RemoteTestNG.java:173)<br />
                </div>
      </td>
</tr>
<tr>
  <td class="method">
                  <span class="description" title="Login as a Normal User and Click to 'Non Travel Expense Claim' in Claim Tab, Check and verify paging on the 'My Non Travel Claim List' page.">checkVerifyPagingOnNonTravelExpenseClaimListPage</span>
      </td>
  <td class="duration">
    1.873s
  </td>
  <td class="result">
        
    
            <div class="testOutput">
                        &lt;h3 style=&quot;color:#000080&quot;&gt; Login as a Normal User and Click to &apos;Non Travel Expense Claim&apos; in Claim Tab, Check and verify paging on the &apos;My Non Travel Claim List&apos; page. &lt;/h3&gt;<br />
                  </div>
    

        <a href="javascript:toggleElement('exception-9', 'block')" title="Click to expand/collapse"><b>org.openqa.selenium.ElementNotVisibleException: The point at which the driver is attempting to click on the element was not scrolled into the viewport. (WARNING: The server did not provide any stacktrace information)<br/>
Command duration or timeout: 171 milliseconds<br/>
Build info: version: &apos;2.24.1&apos;, revision: &apos;17205&apos;, time: &apos;2012-06-19 17:28:14&apos;<br/>
System info: os.name: &apos;Windows 7&apos;, os.arch: &apos;x86&apos;, os.version: &apos;6.1&apos;, java.version: &apos;1.6.0_22&apos;<br/>
Driver info: driver.version: RemoteWebDriver<br/>
Session ID: 7cea6176-3ac6-44de-a26c-0038c0af67e3</b></a><br />
    <div class="stackTrace" id="exception-9">
              sun.reflect.GeneratedConstructorAccessor19.newInstance(Unknown Source)<br />
              sun.reflect.DelegatingConstructorAccessorImpl.newInstance(Unknown Source)<br />
              java.lang.reflect.Constructor.newInstance(Unknown Source)<br />
              org.openqa.selenium.remote.ErrorHandler.createThrowable(ErrorHandler.java:188)<br />
              org.openqa.selenium.remote.ErrorHandler.throwIfResponseFailed(ErrorHandler.java:145)<br />
              org.openqa.selenium.remote.RemoteWebDriver.execute(RemoteWebDriver.java:472)<br />
              org.openqa.selenium.remote.RemoteWebElement.execute(RemoteWebElement.java:244)<br />
              org.openqa.selenium.remote.RemoteWebElement.click(RemoteWebElement.java:77)<br />
              modules.NonTravelExpenseClaim.claimForNonTravelExpense(NonTravelExpenseClaim.java:46)<br />
              tests.nonTravelExpenseClaim.NonTravelExpenseClaim_TestCases.checkVerifyPagingOnNonTravelExpenseClaimListPage(NonTravelExpenseClaim_TestCases.java:1564)<br />
              sun.reflect.NativeMethodAccessorImpl.invoke0(Native Method)<br />
              sun.reflect.NativeMethodAccessorImpl.invoke(Unknown Source)<br />
              sun.reflect.DelegatingMethodAccessorImpl.invoke(Unknown Source)<br />
              java.lang.reflect.Method.invoke(Unknown Source)<br />
              org.testng.internal.MethodInvocationHelper.invokeMethod(MethodInvocationHelper.java:80)<br />
              org.testng.internal.Invoker.invokeMethod(Invoker.java:691)<br />
              org.testng.internal.Invoker.invokeTestMethod(Invoker.java:883)<br />
              org.testng.internal.Invoker.invokeTestMethods(Invoker.java:1208)<br />
              org.testng.internal.TestMethodWorker.invokeTestMethods(TestMethodWorker.java:127)<br />
              org.testng.internal.TestMethodWorker.run(TestMethodWorker.java:111)<br />
              org.testng.TestRunner.privateRun(TestRunner.java:758)<br />
              org.testng.TestRunner.run(TestRunner.java:613)<br />
              org.testng.SuiteRunner.runTest(SuiteRunner.java:334)<br />
              org.testng.SuiteRunner.runSequentially(SuiteRunner.java:329)<br />
              org.testng.SuiteRunner.privateRun(SuiteRunner.java:291)<br />
              org.testng.SuiteRunner.run(SuiteRunner.java:240)<br />
              org.testng.SuiteRunnerWorker.runSuite(SuiteRunnerWorker.java:53)<br />
              org.testng.SuiteRunnerWorker.run(SuiteRunnerWorker.java:87)<br />
              org.testng.TestNG.runSuitesSequentially(TestNG.java:1142)<br />
              org.testng.TestNG.runSuitesLocally(TestNG.java:1067)<br />
              org.testng.TestNG.run(TestNG.java:979)<br />
              org.testng.remote.RemoteTestNG.run(RemoteTestNG.java:109)<br />
              org.testng.remote.RemoteTestNG.initAndRun(RemoteTestNG.java:202)<br />
              org.testng.remote.RemoteTestNG.main(RemoteTestNG.java:173)<br />
                </div>
      </td>
</tr>
<tr>
  <td class="method">
                  <span class="description" title="Login as a Normal User and go to 'Non Travel Expense Claim', Verify the Details while 'Edit' and 'save' Added Expense Under 'Local Transportation (Non Travel Expense) Section' and Verify updated total expense.">editAndSaveAddedExpense_InLocalTransportationNonTravelExpense</span>
      </td>
  <td class="duration">
    1.842s
  </td>
  <td class="result">
        
    
            <div class="testOutput">
                        &lt;h3 style=&quot;color:#000080&quot;&gt; Login as a Normal User and go to &apos;Non Travel Expense Claim&apos;, Verify the Details while &apos;Edit&apos; and &apos;save&apos; Added Expense Under &apos;Local Transportation (Non Travel Expense) Section&apos; and Verify updated total expense. &lt;/h3&gt;<br />
                  </div>
    

        <a href="javascript:toggleElement('exception-10', 'block')" title="Click to expand/collapse"><b>org.openqa.selenium.ElementNotVisibleException: The point at which the driver is attempting to click on the element was not scrolled into the viewport. (WARNING: The server did not provide any stacktrace information)<br/>
Command duration or timeout: 172 milliseconds<br/>
Build info: version: &apos;2.24.1&apos;, revision: &apos;17205&apos;, time: &apos;2012-06-19 17:28:14&apos;<br/>
System info: os.name: &apos;Windows 7&apos;, os.arch: &apos;x86&apos;, os.version: &apos;6.1&apos;, java.version: &apos;1.6.0_22&apos;<br/>
Driver info: driver.version: RemoteWebDriver<br/>
Session ID: 7cea6176-3ac6-44de-a26c-0038c0af67e3</b></a><br />
    <div class="stackTrace" id="exception-10">
              sun.reflect.NativeConstructorAccessorImpl.newInstance0(Native Method)<br />
              sun.reflect.NativeConstructorAccessorImpl.newInstance(Unknown Source)<br />
              sun.reflect.DelegatingConstructorAccessorImpl.newInstance(Unknown Source)<br />
              java.lang.reflect.Constructor.newInstance(Unknown Source)<br />
              org.openqa.selenium.remote.ErrorHandler.createThrowable(ErrorHandler.java:188)<br />
              org.openqa.selenium.remote.ErrorHandler.throwIfResponseFailed(ErrorHandler.java:145)<br />
              org.openqa.selenium.remote.RemoteWebDriver.execute(RemoteWebDriver.java:472)<br />
              org.openqa.selenium.remote.RemoteWebElement.execute(RemoteWebElement.java:244)<br />
              org.openqa.selenium.remote.RemoteWebElement.click(RemoteWebElement.java:77)<br />
              modules.NonTravelExpenseClaim.claimForNonTravelExpense(NonTravelExpenseClaim.java:46)<br />
              tests.nonTravelExpenseClaim.NonTravelExpenseClaim_TestCases.editAndSaveAddedExpense_InLocalTransportationNonTravelExpense(NonTravelExpenseClaim_TestCases.java:176)<br />
              sun.reflect.NativeMethodAccessorImpl.invoke0(Native Method)<br />
              sun.reflect.NativeMethodAccessorImpl.invoke(Unknown Source)<br />
              sun.reflect.DelegatingMethodAccessorImpl.invoke(Unknown Source)<br />
              java.lang.reflect.Method.invoke(Unknown Source)<br />
              org.testng.internal.MethodInvocationHelper.invokeMethod(MethodInvocationHelper.java:80)<br />
              org.testng.internal.Invoker.invokeMethod(Invoker.java:691)<br />
              org.testng.internal.Invoker.invokeTestMethod(Invoker.java:883)<br />
              org.testng.internal.Invoker.invokeTestMethods(Invoker.java:1208)<br />
              org.testng.internal.TestMethodWorker.invokeTestMethods(TestMethodWorker.java:127)<br />
              org.testng.internal.TestMethodWorker.run(TestMethodWorker.java:111)<br />
              org.testng.TestRunner.privateRun(TestRunner.java:758)<br />
              org.testng.TestRunner.run(TestRunner.java:613)<br />
              org.testng.SuiteRunner.runTest(SuiteRunner.java:334)<br />
              org.testng.SuiteRunner.runSequentially(SuiteRunner.java:329)<br />
              org.testng.SuiteRunner.privateRun(SuiteRunner.java:291)<br />
              org.testng.SuiteRunner.run(SuiteRunner.java:240)<br />
              org.testng.SuiteRunnerWorker.runSuite(SuiteRunnerWorker.java:53)<br />
              org.testng.SuiteRunnerWorker.run(SuiteRunnerWorker.java:87)<br />
              org.testng.TestNG.runSuitesSequentially(TestNG.java:1142)<br />
              org.testng.TestNG.runSuitesLocally(TestNG.java:1067)<br />
              org.testng.TestNG.run(TestNG.java:979)<br />
              org.testng.remote.RemoteTestNG.run(RemoteTestNG.java:109)<br />
              org.testng.remote.RemoteTestNG.initAndRun(RemoteTestNG.java:202)<br />
              org.testng.remote.RemoteTestNG.main(RemoteTestNG.java:173)<br />
                </div>
      </td>
</tr>
<tr>
  <td class="method">
                  <span class="description" title="Login as a Normal User and go to 'Non Travel Expense Claim', Verify the Details while 'Edit' and 'save' Added Expense Under 'Local Transportation (Non Travel Expense) Section' and Verify updated total expense.">editAndSaveAddedExpense_InLocalTransportationSelfDrivingNonTravelExpense</span>
      </td>
  <td class="duration">
    1.842s
  </td>
  <td class="result">
        
    
            <div class="testOutput">
                        &lt;h3 style=&quot;color:#000080&quot;&gt; Login as a Normal User and go to &apos;Non Travel Expense Claim&apos;, Verify the Details while &apos;Edit&apos; and &apos;save&apos; Added Expense Under &apos;Local Transportation (Self Driving) Section&apos; and Verify updated total expense. &lt;/h3&gt;<br />
                  </div>
    

        <a href="javascript:toggleElement('exception-11', 'block')" title="Click to expand/collapse"><b>org.openqa.selenium.ElementNotVisibleException: The point at which the driver is attempting to click on the element was not scrolled into the viewport. (WARNING: The server did not provide any stacktrace information)<br/>
Command duration or timeout: 172 milliseconds<br/>
Build info: version: &apos;2.24.1&apos;, revision: &apos;17205&apos;, time: &apos;2012-06-19 17:28:14&apos;<br/>
System info: os.name: &apos;Windows 7&apos;, os.arch: &apos;x86&apos;, os.version: &apos;6.1&apos;, java.version: &apos;1.6.0_22&apos;<br/>
Driver info: driver.version: RemoteWebDriver<br/>
Session ID: 7cea6176-3ac6-44de-a26c-0038c0af67e3</b></a><br />
    <div class="stackTrace" id="exception-11">
              sun.reflect.NativeConstructorAccessorImpl.newInstance0(Native Method)<br />
              sun.reflect.NativeConstructorAccessorImpl.newInstance(Unknown Source)<br />
              sun.reflect.DelegatingConstructorAccessorImpl.newInstance(Unknown Source)<br />
              java.lang.reflect.Constructor.newInstance(Unknown Source)<br />
              org.openqa.selenium.remote.ErrorHandler.createThrowable(ErrorHandler.java:188)<br />
              org.openqa.selenium.remote.ErrorHandler.throwIfResponseFailed(ErrorHandler.java:145)<br />
              org.openqa.selenium.remote.RemoteWebDriver.execute(RemoteWebDriver.java:472)<br />
              org.openqa.selenium.remote.RemoteWebElement.execute(RemoteWebElement.java:244)<br />
              org.openqa.selenium.remote.RemoteWebElement.click(RemoteWebElement.java:77)<br />
              modules.NonTravelExpenseClaim.claimForNonTravelExpense(NonTravelExpenseClaim.java:46)<br />
              tests.nonTravelExpenseClaim.NonTravelExpenseClaim_TestCases.editAndSaveAddedExpense_InLocalTransportationSelfDrivingNonTravelExpense(NonTravelExpenseClaim_TestCases.java:293)<br />
              sun.reflect.NativeMethodAccessorImpl.invoke0(Native Method)<br />
              sun.reflect.NativeMethodAccessorImpl.invoke(Unknown Source)<br />
              sun.reflect.DelegatingMethodAccessorImpl.invoke(Unknown Source)<br />
              java.lang.reflect.Method.invoke(Unknown Source)<br />
              org.testng.internal.MethodInvocationHelper.invokeMethod(MethodInvocationHelper.java:80)<br />
              org.testng.internal.Invoker.invokeMethod(Invoker.java:691)<br />
              org.testng.internal.Invoker.invokeTestMethod(Invoker.java:883)<br />
              org.testng.internal.Invoker.invokeTestMethods(Invoker.java:1208)<br />
              org.testng.internal.TestMethodWorker.invokeTestMethods(TestMethodWorker.java:127)<br />
              org.testng.internal.TestMethodWorker.run(TestMethodWorker.java:111)<br />
              org.testng.TestRunner.privateRun(TestRunner.java:758)<br />
              org.testng.TestRunner.run(TestRunner.java:613)<br />
              org.testng.SuiteRunner.runTest(SuiteRunner.java:334)<br />
              org.testng.SuiteRunner.runSequentially(SuiteRunner.java:329)<br />
              org.testng.SuiteRunner.privateRun(SuiteRunner.java:291)<br />
              org.testng.SuiteRunner.run(SuiteRunner.java:240)<br />
              org.testng.SuiteRunnerWorker.runSuite(SuiteRunnerWorker.java:53)<br />
              org.testng.SuiteRunnerWorker.run(SuiteRunnerWorker.java:87)<br />
              org.testng.TestNG.runSuitesSequentially(TestNG.java:1142)<br />
              org.testng.TestNG.runSuitesLocally(TestNG.java:1067)<br />
              org.testng.TestNG.run(TestNG.java:979)<br />
              org.testng.remote.RemoteTestNG.run(RemoteTestNG.java:109)<br />
              org.testng.remote.RemoteTestNG.initAndRun(RemoteTestNG.java:202)<br />
              org.testng.remote.RemoteTestNG.main(RemoteTestNG.java:173)<br />
                </div>
      </td>
</tr>
<tr>
  <td class="method">
                  <span class="description" title="Login as a Normal User and go to 'Non Travel Expense Claim', Fill All Expense Section, After Added Expense Verify the Added Expense View Page to All Details are same as entered Data, Verify Details Page and view Comment page.">fillAllExpenseSectionSaveAndVerifySummaryPage_InNonTravelExpense</span>
      </td>
  <td class="duration">
    1.873s
  </td>
  <td class="result">
        
    
            <div class="testOutput">
                        &lt;h3 style=&quot;color:#000080&quot;&gt; Login as a Normal User and go to &apos;Non Travel Expense Claim&apos;, Fill All Expense Section, After Added Expense Verify the Added Expense View Page to All Details are same as entered Data, Verify Details Page and view Comment page. &lt;/h3&gt;<br />
                  </div>
    

        <a href="javascript:toggleElement('exception-12', 'block')" title="Click to expand/collapse"><b>org.openqa.selenium.ElementNotVisibleException: The point at which the driver is attempting to click on the element was not scrolled into the viewport. (WARNING: The server did not provide any stacktrace information)<br/>
Command duration or timeout: 172 milliseconds<br/>
Build info: version: &apos;2.24.1&apos;, revision: &apos;17205&apos;, time: &apos;2012-06-19 17:28:14&apos;<br/>
System info: os.name: &apos;Windows 7&apos;, os.arch: &apos;x86&apos;, os.version: &apos;6.1&apos;, java.version: &apos;1.6.0_22&apos;<br/>
Driver info: driver.version: RemoteWebDriver<br/>
Session ID: 7cea6176-3ac6-44de-a26c-0038c0af67e3</b></a><br />
    <div class="stackTrace" id="exception-12">
              sun.reflect.GeneratedConstructorAccessor19.newInstance(Unknown Source)<br />
              sun.reflect.DelegatingConstructorAccessorImpl.newInstance(Unknown Source)<br />
              java.lang.reflect.Constructor.newInstance(Unknown Source)<br />
              org.openqa.selenium.remote.ErrorHandler.createThrowable(ErrorHandler.java:188)<br />
              org.openqa.selenium.remote.ErrorHandler.throwIfResponseFailed(ErrorHandler.java:145)<br />
              org.openqa.selenium.remote.RemoteWebDriver.execute(RemoteWebDriver.java:472)<br />
              org.openqa.selenium.remote.RemoteWebElement.execute(RemoteWebElement.java:244)<br />
              org.openqa.selenium.remote.RemoteWebElement.click(RemoteWebElement.java:77)<br />
              modules.NonTravelExpenseClaim.claimForNonTravelExpense(NonTravelExpenseClaim.java:46)<br />
              tests.nonTravelExpenseClaim.NonTravelExpenseClaim_TestCases.fillAllExpenseSectionSaveAndVerifySummaryPage_InNonTravelExpense(NonTravelExpenseClaim_TestCases.java:676)<br />
              sun.reflect.NativeMethodAccessorImpl.invoke0(Native Method)<br />
              sun.reflect.NativeMethodAccessorImpl.invoke(Unknown Source)<br />
              sun.reflect.DelegatingMethodAccessorImpl.invoke(Unknown Source)<br />
              java.lang.reflect.Method.invoke(Unknown Source)<br />
              org.testng.internal.MethodInvocationHelper.invokeMethod(MethodInvocationHelper.java:80)<br />
              org.testng.internal.Invoker.invokeMethod(Invoker.java:691)<br />
              org.testng.internal.Invoker.invokeTestMethod(Invoker.java:883)<br />
              org.testng.internal.Invoker.invokeTestMethods(Invoker.java:1208)<br />
              org.testng.internal.TestMethodWorker.invokeTestMethods(TestMethodWorker.java:127)<br />
              org.testng.internal.TestMethodWorker.run(TestMethodWorker.java:111)<br />
              org.testng.TestRunner.privateRun(TestRunner.java:758)<br />
              org.testng.TestRunner.run(TestRunner.java:613)<br />
              org.testng.SuiteRunner.runTest(SuiteRunner.java:334)<br />
              org.testng.SuiteRunner.runSequentially(SuiteRunner.java:329)<br />
              org.testng.SuiteRunner.privateRun(SuiteRunner.java:291)<br />
              org.testng.SuiteRunner.run(SuiteRunner.java:240)<br />
              org.testng.SuiteRunnerWorker.runSuite(SuiteRunnerWorker.java:53)<br />
              org.testng.SuiteRunnerWorker.run(SuiteRunnerWorker.java:87)<br />
              org.testng.TestNG.runSuitesSequentially(TestNG.java:1142)<br />
              org.testng.TestNG.runSuitesLocally(TestNG.java:1067)<br />
              org.testng.TestNG.run(TestNG.java:979)<br />
              org.testng.remote.RemoteTestNG.run(RemoteTestNG.java:109)<br />
              org.testng.remote.RemoteTestNG.initAndRun(RemoteTestNG.java:202)<br />
              org.testng.remote.RemoteTestNG.main(RemoteTestNG.java:173)<br />
                </div>
      </td>
</tr>
<tr>
  <td class="method">
                  <span class="description" title="Login as a Normal User and go to 'Non Travel Expense Claim', Fill All Expense Section, Verify Added claim Edit and Delete Action, Verify All Action.">fillAllExpenseSectionSaveEditAndDelete_InNonTravelExpense</span>
      </td>
  <td class="duration">
    1.873s
  </td>
  <td class="result">
        
    
            <div class="testOutput">
                        &lt;h3 style=&quot;color:#000080&quot;&gt; Login as a Normal User and go to &apos;Non Travel Expense Claim&apos;, Fill All Expense Section, Verify Added claim Edit and Delete Action, Verify All Action. &lt;/h3&gt;<br />
                  </div>
    

        <a href="javascript:toggleElement('exception-13', 'block')" title="Click to expand/collapse"><b>org.openqa.selenium.ElementNotVisibleException: The point at which the driver is attempting to click on the element was not scrolled into the viewport. (WARNING: The server did not provide any stacktrace information)<br/>
Command duration or timeout: 171 milliseconds<br/>
Build info: version: &apos;2.24.1&apos;, revision: &apos;17205&apos;, time: &apos;2012-06-19 17:28:14&apos;<br/>
System info: os.name: &apos;Windows 7&apos;, os.arch: &apos;x86&apos;, os.version: &apos;6.1&apos;, java.version: &apos;1.6.0_22&apos;<br/>
Driver info: driver.version: RemoteWebDriver<br/>
Session ID: 7cea6176-3ac6-44de-a26c-0038c0af67e3</b></a><br />
    <div class="stackTrace" id="exception-13">
              sun.reflect.GeneratedConstructorAccessor19.newInstance(Unknown Source)<br />
              sun.reflect.DelegatingConstructorAccessorImpl.newInstance(Unknown Source)<br />
              java.lang.reflect.Constructor.newInstance(Unknown Source)<br />
              org.openqa.selenium.remote.ErrorHandler.createThrowable(ErrorHandler.java:188)<br />
              org.openqa.selenium.remote.ErrorHandler.throwIfResponseFailed(ErrorHandler.java:145)<br />
              org.openqa.selenium.remote.RemoteWebDriver.execute(RemoteWebDriver.java:472)<br />
              org.openqa.selenium.remote.RemoteWebElement.execute(RemoteWebElement.java:244)<br />
              org.openqa.selenium.remote.RemoteWebElement.click(RemoteWebElement.java:77)<br />
              modules.NonTravelExpenseClaim.claimForNonTravelExpense(NonTravelExpenseClaim.java:46)<br />
              tests.nonTravelExpenseClaim.NonTravelExpenseClaim_TestCases.fillAllExpenseSectionSaveEditAndDelete_InNonTravelExpense(NonTravelExpenseClaim_TestCases.java:760)<br />
              sun.reflect.NativeMethodAccessorImpl.invoke0(Native Method)<br />
              sun.reflect.NativeMethodAccessorImpl.invoke(Unknown Source)<br />
              sun.reflect.DelegatingMethodAccessorImpl.invoke(Unknown Source)<br />
              java.lang.reflect.Method.invoke(Unknown Source)<br />
              org.testng.internal.MethodInvocationHelper.invokeMethod(MethodInvocationHelper.java:80)<br />
              org.testng.internal.Invoker.invokeMethod(Invoker.java:691)<br />
              org.testng.internal.Invoker.invokeTestMethod(Invoker.java:883)<br />
              org.testng.internal.Invoker.invokeTestMethods(Invoker.java:1208)<br />
              org.testng.internal.TestMethodWorker.invokeTestMethods(TestMethodWorker.java:127)<br />
              org.testng.internal.TestMethodWorker.run(TestMethodWorker.java:111)<br />
              org.testng.TestRunner.privateRun(TestRunner.java:758)<br />
              org.testng.TestRunner.run(TestRunner.java:613)<br />
              org.testng.SuiteRunner.runTest(SuiteRunner.java:334)<br />
              org.testng.SuiteRunner.runSequentially(SuiteRunner.java:329)<br />
              org.testng.SuiteRunner.privateRun(SuiteRunner.java:291)<br />
              org.testng.SuiteRunner.run(SuiteRunner.java:240)<br />
              org.testng.SuiteRunnerWorker.runSuite(SuiteRunnerWorker.java:53)<br />
              org.testng.SuiteRunnerWorker.run(SuiteRunnerWorker.java:87)<br />
              org.testng.TestNG.runSuitesSequentially(TestNG.java:1142)<br />
              org.testng.TestNG.runSuitesLocally(TestNG.java:1067)<br />
              org.testng.TestNG.run(TestNG.java:979)<br />
              org.testng.remote.RemoteTestNG.run(RemoteTestNG.java:109)<br />
              org.testng.remote.RemoteTestNG.initAndRun(RemoteTestNG.java:202)<br />
              org.testng.remote.RemoteTestNG.main(RemoteTestNG.java:173)<br />
                </div>
      </td>
</tr>
<tr>
  <td class="method">
                  <span class="description" title="Login as a Normal User, Submit 'Non Travel Expense Claim'  in Claim Tab, and Verify the Reject and Approve claim from his Manager(Admin).">submitNonTravelExpenseClaimAndRejectApproveFromAdmin</span>
      </td>
  <td class="duration">
    1.873s
  </td>
  <td class="result">
        
    
            <div class="testOutput">
                        &lt;h3 style=&quot;color:#000080&quot;&gt; Login as a Normal User, Submit &apos;Non Travel Expense Claim&apos;&nbsp; in Claim Tab, and Verify the Reject and Approve claim from his Manager(Admin). &lt;/h3&gt;<br />
                  </div>
    

        <a href="javascript:toggleElement('exception-14', 'block')" title="Click to expand/collapse"><b>org.openqa.selenium.ElementNotVisibleException: The point at which the driver is attempting to click on the element was not scrolled into the viewport. (WARNING: The server did not provide any stacktrace information)<br/>
Command duration or timeout: 172 milliseconds<br/>
Build info: version: &apos;2.24.1&apos;, revision: &apos;17205&apos;, time: &apos;2012-06-19 17:28:14&apos;<br/>
System info: os.name: &apos;Windows 7&apos;, os.arch: &apos;x86&apos;, os.version: &apos;6.1&apos;, java.version: &apos;1.6.0_22&apos;<br/>
Driver info: driver.version: RemoteWebDriver<br/>
Session ID: 7cea6176-3ac6-44de-a26c-0038c0af67e3</b></a><br />
    <div class="stackTrace" id="exception-14">
              sun.reflect.GeneratedConstructorAccessor19.newInstance(Unknown Source)<br />
              sun.reflect.DelegatingConstructorAccessorImpl.newInstance(Unknown Source)<br />
              java.lang.reflect.Constructor.newInstance(Unknown Source)<br />
              org.openqa.selenium.remote.ErrorHandler.createThrowable(ErrorHandler.java:188)<br />
              org.openqa.selenium.remote.ErrorHandler.throwIfResponseFailed(ErrorHandler.java:145)<br />
              org.openqa.selenium.remote.RemoteWebDriver.execute(RemoteWebDriver.java:472)<br />
              org.openqa.selenium.remote.RemoteWebElement.execute(RemoteWebElement.java:244)<br />
              org.openqa.selenium.remote.RemoteWebElement.click(RemoteWebElement.java:77)<br />
              modules.NonTravelExpenseClaim.claimForNonTravelExpense(NonTravelExpenseClaim.java:46)<br />
              tests.nonTravelExpenseClaim.NonTravelExpenseClaim_TestCases.submitNonTravelExpenseClaimAndRejectApproveFromAdmin(NonTravelExpenseClaim_TestCases.java:1067)<br />
              sun.reflect.NativeMethodAccessorImpl.invoke0(Native Method)<br />
              sun.reflect.NativeMethodAccessorImpl.invoke(Unknown Source)<br />
              sun.reflect.DelegatingMethodAccessorImpl.invoke(Unknown Source)<br />
              java.lang.reflect.Method.invoke(Unknown Source)<br />
              org.testng.internal.MethodInvocationHelper.invokeMethod(MethodInvocationHelper.java:80)<br />
              org.testng.internal.Invoker.invokeMethod(Invoker.java:691)<br />
              org.testng.internal.Invoker.invokeTestMethod(Invoker.java:883)<br />
              org.testng.internal.Invoker.invokeTestMethods(Invoker.java:1208)<br />
              org.testng.internal.TestMethodWorker.invokeTestMethods(TestMethodWorker.java:127)<br />
              org.testng.internal.TestMethodWorker.run(TestMethodWorker.java:111)<br />
              org.testng.TestRunner.privateRun(TestRunner.java:758)<br />
              org.testng.TestRunner.run(TestRunner.java:613)<br />
              org.testng.SuiteRunner.runTest(SuiteRunner.java:334)<br />
              org.testng.SuiteRunner.runSequentially(SuiteRunner.java:329)<br />
              org.testng.SuiteRunner.privateRun(SuiteRunner.java:291)<br />
              org.testng.SuiteRunner.run(SuiteRunner.java:240)<br />
              org.testng.SuiteRunnerWorker.runSuite(SuiteRunnerWorker.java:53)<br />
              org.testng.SuiteRunnerWorker.run(SuiteRunnerWorker.java:87)<br />
              org.testng.TestNG.runSuitesSequentially(TestNG.java:1142)<br />
              org.testng.TestNG.runSuitesLocally(TestNG.java:1067)<br />
              org.testng.TestNG.run(TestNG.java:979)<br />
              org.testng.remote.RemoteTestNG.run(RemoteTestNG.java:109)<br />
              org.testng.remote.RemoteTestNG.initAndRun(RemoteTestNG.java:202)<br />
              org.testng.remote.RemoteTestNG.main(RemoteTestNG.java:173)<br />
                </div>
      </td>
</tr>
<tr>
  <td class="method">
                  <span class="description" title="Login as a Normal User, Submit 'Non Travel Expense Claim' in Claim Tab, Reject & Return claim By Finance User and verify All Status on Corresponding page.">submitNonTravelExpenseClaimAnd_ApproveByAdminAndRejectReturnByFinanceUser</span>
      </td>
  <td class="duration">
    1.826s
  </td>
  <td class="result">
        
    
            <div class="testOutput">
                        &lt;h3 style=&quot;color:#000080&quot;&gt; Login as a Normal User, Submit &apos;Non Travel Expense Claim&apos; in Claim Tab, Reject &amp; Return claim By Finance User and verify All Status on Corresponding page. &lt;/h3&gt;<br />
                  </div>
    

        <a href="javascript:toggleElement('exception-15', 'block')" title="Click to expand/collapse"><b>org.openqa.selenium.ElementNotVisibleException: The point at which the driver is attempting to click on the element was not scrolled into the viewport. (WARNING: The server did not provide any stacktrace information)<br/>
Command duration or timeout: 156 milliseconds<br/>
Build info: version: &apos;2.24.1&apos;, revision: &apos;17205&apos;, time: &apos;2012-06-19 17:28:14&apos;<br/>
System info: os.name: &apos;Windows 7&apos;, os.arch: &apos;x86&apos;, os.version: &apos;6.1&apos;, java.version: &apos;1.6.0_22&apos;<br/>
Driver info: driver.version: RemoteWebDriver<br/>
Session ID: 7cea6176-3ac6-44de-a26c-0038c0af67e3</b></a><br />
    <div class="stackTrace" id="exception-15">
              sun.reflect.GeneratedConstructorAccessor19.newInstance(Unknown Source)<br />
              sun.reflect.DelegatingConstructorAccessorImpl.newInstance(Unknown Source)<br />
              java.lang.reflect.Constructor.newInstance(Unknown Source)<br />
              org.openqa.selenium.remote.ErrorHandler.createThrowable(ErrorHandler.java:188)<br />
              org.openqa.selenium.remote.ErrorHandler.throwIfResponseFailed(ErrorHandler.java:145)<br />
              org.openqa.selenium.remote.RemoteWebDriver.execute(RemoteWebDriver.java:472)<br />
              org.openqa.selenium.remote.RemoteWebElement.execute(RemoteWebElement.java:244)<br />
              org.openqa.selenium.remote.RemoteWebElement.click(RemoteWebElement.java:77)<br />
              modules.NonTravelExpenseClaim.claimForNonTravelExpense(NonTravelExpenseClaim.java:46)<br />
              tests.nonTravelExpenseClaim.NonTravelExpenseClaim_TestCases.submitNonTravelExpenseClaimAnd_ApproveByAdminAndRejectReturnByFinanceUser(NonTravelExpenseClaim_TestCases.java:1237)<br />
              sun.reflect.NativeMethodAccessorImpl.invoke0(Native Method)<br />
              sun.reflect.NativeMethodAccessorImpl.invoke(Unknown Source)<br />
              sun.reflect.DelegatingMethodAccessorImpl.invoke(Unknown Source)<br />
              java.lang.reflect.Method.invoke(Unknown Source)<br />
              org.testng.internal.MethodInvocationHelper.invokeMethod(MethodInvocationHelper.java:80)<br />
              org.testng.internal.Invoker.invokeMethod(Invoker.java:691)<br />
              org.testng.internal.Invoker.invokeTestMethod(Invoker.java:883)<br />
              org.testng.internal.Invoker.invokeTestMethods(Invoker.java:1208)<br />
              org.testng.internal.TestMethodWorker.invokeTestMethods(TestMethodWorker.java:127)<br />
              org.testng.internal.TestMethodWorker.run(TestMethodWorker.java:111)<br />
              org.testng.TestRunner.privateRun(TestRunner.java:758)<br />
              org.testng.TestRunner.run(TestRunner.java:613)<br />
              org.testng.SuiteRunner.runTest(SuiteRunner.java:334)<br />
              org.testng.SuiteRunner.runSequentially(SuiteRunner.java:329)<br />
              org.testng.SuiteRunner.privateRun(SuiteRunner.java:291)<br />
              org.testng.SuiteRunner.run(SuiteRunner.java:240)<br />
              org.testng.SuiteRunnerWorker.runSuite(SuiteRunnerWorker.java:53)<br />
              org.testng.SuiteRunnerWorker.run(SuiteRunnerWorker.java:87)<br />
              org.testng.TestNG.runSuitesSequentially(TestNG.java:1142)<br />
              org.testng.TestNG.runSuitesLocally(TestNG.java:1067)<br />
              org.testng.TestNG.run(TestNG.java:979)<br />
              org.testng.remote.RemoteTestNG.run(RemoteTestNG.java:109)<br />
              org.testng.remote.RemoteTestNG.initAndRun(RemoteTestNG.java:202)<br />
              org.testng.remote.RemoteTestNG.main(RemoteTestNG.java:173)<br />
                </div>
      </td>
</tr>
<tr>
  <td class="method">
                  <span class="description" title="Login as a Normal User, Submit 'Non Travel Expense Claim'  in Claim Tab, Added Claim Approve By Admin and Settle claim By Finance User And Verify All Claim Details, Work Flow and Comment on Claim Summary page.">submitNonTravelExpenseClaim_ApproveByAdminAndSettleByFinanceUser</span>
      </td>
  <td class="duration">
    1.920s
  </td>
  <td class="result">
        
    
            <div class="testOutput">
                        &lt;h3 style=&quot;color:#000080&quot;&gt; Login as a Normal User, Submit &apos;Non Travel Expense Claim&apos;&nbsp; in Claim Tab, Added Claim Approve By Admin and Settle claim By Finance User And Verify All Claim Details, Work Flow and Comment on Claim Summary page. &lt;/h3&gt;<br />
                  </div>
    

        <a href="javascript:toggleElement('exception-16', 'block')" title="Click to expand/collapse"><b>org.openqa.selenium.ElementNotVisibleException: The point at which the driver is attempting to click on the element was not scrolled into the viewport. (WARNING: The server did not provide any stacktrace information)<br/>
Command duration or timeout: 172 milliseconds<br/>
Build info: version: &apos;2.24.1&apos;, revision: &apos;17205&apos;, time: &apos;2012-06-19 17:28:14&apos;<br/>
System info: os.name: &apos;Windows 7&apos;, os.arch: &apos;x86&apos;, os.version: &apos;6.1&apos;, java.version: &apos;1.6.0_22&apos;<br/>
Driver info: driver.version: RemoteWebDriver<br/>
Session ID: 7cea6176-3ac6-44de-a26c-0038c0af67e3</b></a><br />
    <div class="stackTrace" id="exception-16">
              sun.reflect.GeneratedConstructorAccessor19.newInstance(Unknown Source)<br />
              sun.reflect.DelegatingConstructorAccessorImpl.newInstance(Unknown Source)<br />
              java.lang.reflect.Constructor.newInstance(Unknown Source)<br />
              org.openqa.selenium.remote.ErrorHandler.createThrowable(ErrorHandler.java:188)<br />
              org.openqa.selenium.remote.ErrorHandler.throwIfResponseFailed(ErrorHandler.java:145)<br />
              org.openqa.selenium.remote.RemoteWebDriver.execute(RemoteWebDriver.java:472)<br />
              org.openqa.selenium.remote.RemoteWebElement.execute(RemoteWebElement.java:244)<br />
              org.openqa.selenium.remote.RemoteWebElement.click(RemoteWebElement.java:77)<br />
              modules.NonTravelExpenseClaim.claimForNonTravelExpense(NonTravelExpenseClaim.java:46)<br />
              tests.nonTravelExpenseClaim.NonTravelExpenseClaim_TestCases.submitNonTravelExpenseClaim_ApproveByAdminAndSettleByFinanceUser(NonTravelExpenseClaim_TestCases.java:1431)<br />
              sun.reflect.NativeMethodAccessorImpl.invoke0(Native Method)<br />
              sun.reflect.NativeMethodAccessorImpl.invoke(Unknown Source)<br />
              sun.reflect.DelegatingMethodAccessorImpl.invoke(Unknown Source)<br />
              java.lang.reflect.Method.invoke(Unknown Source)<br />
              org.testng.internal.MethodInvocationHelper.invokeMethod(MethodInvocationHelper.java:80)<br />
              org.testng.internal.Invoker.invokeMethod(Invoker.java:691)<br />
              org.testng.internal.Invoker.invokeTestMethod(Invoker.java:883)<br />
              org.testng.internal.Invoker.invokeTestMethods(Invoker.java:1208)<br />
              org.testng.internal.TestMethodWorker.invokeTestMethods(TestMethodWorker.java:127)<br />
              org.testng.internal.TestMethodWorker.run(TestMethodWorker.java:111)<br />
              org.testng.TestRunner.privateRun(TestRunner.java:758)<br />
              org.testng.TestRunner.run(TestRunner.java:613)<br />
              org.testng.SuiteRunner.runTest(SuiteRunner.java:334)<br />
              org.testng.SuiteRunner.runSequentially(SuiteRunner.java:329)<br />
              org.testng.SuiteRunner.privateRun(SuiteRunner.java:291)<br />
              org.testng.SuiteRunner.run(SuiteRunner.java:240)<br />
              org.testng.SuiteRunnerWorker.runSuite(SuiteRunnerWorker.java:53)<br />
              org.testng.SuiteRunnerWorker.run(SuiteRunnerWorker.java:87)<br />
              org.testng.TestNG.runSuitesSequentially(TestNG.java:1142)<br />
              org.testng.TestNG.runSuitesLocally(TestNG.java:1067)<br />
              org.testng.TestNG.run(TestNG.java:979)<br />
              org.testng.remote.RemoteTestNG.run(RemoteTestNG.java:109)<br />
              org.testng.remote.RemoteTestNG.initAndRun(RemoteTestNG.java:202)<br />
              org.testng.remote.RemoteTestNG.main(RemoteTestNG.java:173)<br />
                </div>
      </td>
</tr>
<tr>
  <td class="method">
                  <span class="description" title="Login as a Normal User and go to 'Non Travel Expense Claim', Fill All Expense Section, Submit the Claim and verify Cancel Action and and than Status than Edit the Cancel Claim.">submitNonTravelExpenseClaim_VerifyCancelActionAndStatusOnListPage</span>
      </td>
  <td class="duration">
    1.842s
  </td>
  <td class="result">
        
    
            <div class="testOutput">
                        &lt;h3 style=&quot;color:#000080&quot;&gt; Login as a Normal User and go to &apos;Non Travel Expense Claim&apos;, Fill All Expense Section, Submit the Claim and verify Cancel Action and and than Status than Edit the Cancel Claim. &lt;/h3&gt;<br />
                  </div>
    

        <a href="javascript:toggleElement('exception-17', 'block')" title="Click to expand/collapse"><b>org.openqa.selenium.ElementNotVisibleException: The point at which the driver is attempting to click on the element was not scrolled into the viewport. (WARNING: The server did not provide any stacktrace information)<br/>
Command duration or timeout: 171 milliseconds<br/>
Build info: version: &apos;2.24.1&apos;, revision: &apos;17205&apos;, time: &apos;2012-06-19 17:28:14&apos;<br/>
System info: os.name: &apos;Windows 7&apos;, os.arch: &apos;x86&apos;, os.version: &apos;6.1&apos;, java.version: &apos;1.6.0_22&apos;<br/>
Driver info: driver.version: RemoteWebDriver<br/>
Session ID: 7cea6176-3ac6-44de-a26c-0038c0af67e3</b></a><br />
    <div class="stackTrace" id="exception-17">
              sun.reflect.GeneratedConstructorAccessor19.newInstance(Unknown Source)<br />
              sun.reflect.DelegatingConstructorAccessorImpl.newInstance(Unknown Source)<br />
              java.lang.reflect.Constructor.newInstance(Unknown Source)<br />
              org.openqa.selenium.remote.ErrorHandler.createThrowable(ErrorHandler.java:188)<br />
              org.openqa.selenium.remote.ErrorHandler.throwIfResponseFailed(ErrorHandler.java:145)<br />
              org.openqa.selenium.remote.RemoteWebDriver.execute(RemoteWebDriver.java:472)<br />
              org.openqa.selenium.remote.RemoteWebElement.execute(RemoteWebElement.java:244)<br />
              org.openqa.selenium.remote.RemoteWebElement.click(RemoteWebElement.java:77)<br />
              modules.NonTravelExpenseClaim.claimForNonTravelExpense(NonTravelExpenseClaim.java:46)<br />
              tests.nonTravelExpenseClaim.NonTravelExpenseClaim_TestCases.submitNonTravelExpenseClaim_VerifyCancelActionAndStatusOnListPage(NonTravelExpenseClaim_TestCases.java:943)<br />
              sun.reflect.NativeMethodAccessorImpl.invoke0(Native Method)<br />
              sun.reflect.NativeMethodAccessorImpl.invoke(Unknown Source)<br />
              sun.reflect.DelegatingMethodAccessorImpl.invoke(Unknown Source)<br />
              java.lang.reflect.Method.invoke(Unknown Source)<br />
              org.testng.internal.MethodInvocationHelper.invokeMethod(MethodInvocationHelper.java:80)<br />
              org.testng.internal.Invoker.invokeMethod(Invoker.java:691)<br />
              org.testng.internal.Invoker.invokeTestMethod(Invoker.java:883)<br />
              org.testng.internal.Invoker.invokeTestMethods(Invoker.java:1208)<br />
              org.testng.internal.TestMethodWorker.invokeTestMethods(TestMethodWorker.java:127)<br />
              org.testng.internal.TestMethodWorker.run(TestMethodWorker.java:111)<br />
              org.testng.TestRunner.privateRun(TestRunner.java:758)<br />
              org.testng.TestRunner.run(TestRunner.java:613)<br />
              org.testng.SuiteRunner.runTest(SuiteRunner.java:334)<br />
              org.testng.SuiteRunner.runSequentially(SuiteRunner.java:329)<br />
              org.testng.SuiteRunner.privateRun(SuiteRunner.java:291)<br />
              org.testng.SuiteRunner.run(SuiteRunner.java:240)<br />
              org.testng.SuiteRunnerWorker.runSuite(SuiteRunnerWorker.java:53)<br />
              org.testng.SuiteRunnerWorker.run(SuiteRunnerWorker.java:87)<br />
              org.testng.TestNG.runSuitesSequentially(TestNG.java:1142)<br />
              org.testng.TestNG.runSuitesLocally(TestNG.java:1067)<br />
              org.testng.TestNG.run(TestNG.java:979)<br />
              org.testng.remote.RemoteTestNG.run(RemoteTestNG.java:109)<br />
              org.testng.remote.RemoteTestNG.initAndRun(RemoteTestNG.java:202)<br />
              org.testng.remote.RemoteTestNG.main(RemoteTestNG.java:173)<br />
                </div>
      </td>
</tr>
<tr>
  <td class="method">
                  <span class="description" title="Login as a Normal User and go to 'Non Travel Expense Claim', Fill All Expense Section, Submit the Claim and verify the Claim Status and all details on View Summary page.">submitNonTravelExpenseClaim_VerifyStatusAndViewActionOnListPage</span>
      </td>
  <td class="duration">
    1.920s
  </td>
  <td class="result">
        
    
            <div class="testOutput">
                        &lt;h3 style=&quot;color:#000080&quot;&gt; Login as a Normal User and go to &apos;Non Travel Expense Claim&apos;, Fill All Expense Section, Submit the Claim and verify the Claim Status and all details on View Summary page. &lt;/h3&gt;<br />
                  </div>
    

        <a href="javascript:toggleElement('exception-18', 'block')" title="Click to expand/collapse"><b>org.openqa.selenium.ElementNotVisibleException: The point at which the driver is attempting to click on the element was not scrolled into the viewport. (WARNING: The server did not provide any stacktrace information)<br/>
Command duration or timeout: 172 milliseconds<br/>
Build info: version: &apos;2.24.1&apos;, revision: &apos;17205&apos;, time: &apos;2012-06-19 17:28:14&apos;<br/>
System info: os.name: &apos;Windows 7&apos;, os.arch: &apos;x86&apos;, os.version: &apos;6.1&apos;, java.version: &apos;1.6.0_22&apos;<br/>
Driver info: driver.version: RemoteWebDriver<br/>
Session ID: 7cea6176-3ac6-44de-a26c-0038c0af67e3</b></a><br />
    <div class="stackTrace" id="exception-18">
              sun.reflect.GeneratedConstructorAccessor19.newInstance(Unknown Source)<br />
              sun.reflect.DelegatingConstructorAccessorImpl.newInstance(Unknown Source)<br />
              java.lang.reflect.Constructor.newInstance(Unknown Source)<br />
              org.openqa.selenium.remote.ErrorHandler.createThrowable(ErrorHandler.java:188)<br />
              org.openqa.selenium.remote.ErrorHandler.throwIfResponseFailed(ErrorHandler.java:145)<br />
              org.openqa.selenium.remote.RemoteWebDriver.execute(RemoteWebDriver.java:472)<br />
              org.openqa.selenium.remote.RemoteWebElement.execute(RemoteWebElement.java:244)<br />
              org.openqa.selenium.remote.RemoteWebElement.click(RemoteWebElement.java:77)<br />
              modules.NonTravelExpenseClaim.claimForNonTravelExpense(NonTravelExpenseClaim.java:46)<br />
              tests.nonTravelExpenseClaim.NonTravelExpenseClaim_TestCases.submitNonTravelExpenseClaim_VerifyStatusAndViewActionOnListPage(NonTravelExpenseClaim_TestCases.java:837)<br />
              sun.reflect.NativeMethodAccessorImpl.invoke0(Native Method)<br />
              sun.reflect.NativeMethodAccessorImpl.invoke(Unknown Source)<br />
              sun.reflect.DelegatingMethodAccessorImpl.invoke(Unknown Source)<br />
              java.lang.reflect.Method.invoke(Unknown Source)<br />
              org.testng.internal.MethodInvocationHelper.invokeMethod(MethodInvocationHelper.java:80)<br />
              org.testng.internal.Invoker.invokeMethod(Invoker.java:691)<br />
              org.testng.internal.Invoker.invokeTestMethod(Invoker.java:883)<br />
              org.testng.internal.Invoker.invokeTestMethods(Invoker.java:1208)<br />
              org.testng.internal.TestMethodWorker.invokeTestMethods(TestMethodWorker.java:127)<br />
              org.testng.internal.TestMethodWorker.run(TestMethodWorker.java:111)<br />
              org.testng.TestRunner.privateRun(TestRunner.java:758)<br />
              org.testng.TestRunner.run(TestRunner.java:613)<br />
              org.testng.SuiteRunner.runTest(SuiteRunner.java:334)<br />
              org.testng.SuiteRunner.runSequentially(SuiteRunner.java:329)<br />
              org.testng.SuiteRunner.privateRun(SuiteRunner.java:291)<br />
              org.testng.SuiteRunner.run(SuiteRunner.java:240)<br />
              org.testng.SuiteRunnerWorker.runSuite(SuiteRunnerWorker.java:53)<br />
              org.testng.SuiteRunnerWorker.run(SuiteRunnerWorker.java:87)<br />
              org.testng.TestNG.runSuitesSequentially(TestNG.java:1142)<br />
              org.testng.TestNG.runSuitesLocally(TestNG.java:1067)<br />
              org.testng.TestNG.run(TestNG.java:979)<br />
              org.testng.remote.RemoteTestNG.run(RemoteTestNG.java:109)<br />
              org.testng.remote.RemoteTestNG.initAndRun(RemoteTestNG.java:202)<br />
              org.testng.remote.RemoteTestNG.main(RemoteTestNG.java:173)<br />
                </div>
      </td>
</tr>
<tr>
  <td class="method">
                  <span class="description" title="Login as a Normal User and go to 'Non Travel Expense Claim', Verify 'Cash advance' field and the Attach Documents Section.">verifyAttachDocumentsSection_InNonTravelExpense</span>
      </td>
  <td class="duration">
    1.858s
  </td>
  <td class="result">
        
    
            <div class="testOutput">
                        &lt;h3 style=&quot;color:#000080&quot;&gt; Login as a Normal User and go to &apos;Non Travel Expense Claim&apos;, Verify &apos;Cash advance&apos; field and the Attach Documents Section. &lt;/h3&gt;<br />
                  </div>
    

        <a href="javascript:toggleElement('exception-19', 'block')" title="Click to expand/collapse"><b>org.openqa.selenium.ElementNotVisibleException: The point at which the driver is attempting to click on the element was not scrolled into the viewport. (WARNING: The server did not provide any stacktrace information)<br/>
Command duration or timeout: 172 milliseconds<br/>
Build info: version: &apos;2.24.1&apos;, revision: &apos;17205&apos;, time: &apos;2012-06-19 17:28:14&apos;<br/>
System info: os.name: &apos;Windows 7&apos;, os.arch: &apos;x86&apos;, os.version: &apos;6.1&apos;, java.version: &apos;1.6.0_22&apos;<br/>
Driver info: driver.version: RemoteWebDriver<br/>
Session ID: 7cea6176-3ac6-44de-a26c-0038c0af67e3</b></a><br />
    <div class="stackTrace" id="exception-19">
              sun.reflect.GeneratedConstructorAccessor19.newInstance(Unknown Source)<br />
              sun.reflect.DelegatingConstructorAccessorImpl.newInstance(Unknown Source)<br />
              java.lang.reflect.Constructor.newInstance(Unknown Source)<br />
              org.openqa.selenium.remote.ErrorHandler.createThrowable(ErrorHandler.java:188)<br />
              org.openqa.selenium.remote.ErrorHandler.throwIfResponseFailed(ErrorHandler.java:145)<br />
              org.openqa.selenium.remote.RemoteWebDriver.execute(RemoteWebDriver.java:472)<br />
              org.openqa.selenium.remote.RemoteWebElement.execute(RemoteWebElement.java:244)<br />
              org.openqa.selenium.remote.RemoteWebElement.click(RemoteWebElement.java:77)<br />
              modules.NonTravelExpenseClaim.claimForNonTravelExpense(NonTravelExpenseClaim.java:46)<br />
              tests.nonTravelExpenseClaim.NonTravelExpenseClaim_TestCases.verifyAttachDocumentsSection_InNonTravelExpense(NonTravelExpenseClaim_TestCases.java:623)<br />
              sun.reflect.NativeMethodAccessorImpl.invoke0(Native Method)<br />
              sun.reflect.NativeMethodAccessorImpl.invoke(Unknown Source)<br />
              sun.reflect.DelegatingMethodAccessorImpl.invoke(Unknown Source)<br />
              java.lang.reflect.Method.invoke(Unknown Source)<br />
              org.testng.internal.MethodInvocationHelper.invokeMethod(MethodInvocationHelper.java:80)<br />
              org.testng.internal.Invoker.invokeMethod(Invoker.java:691)<br />
              org.testng.internal.Invoker.invokeTestMethod(Invoker.java:883)<br />
              org.testng.internal.Invoker.invokeTestMethods(Invoker.java:1208)<br />
              org.testng.internal.TestMethodWorker.invokeTestMethods(TestMethodWorker.java:127)<br />
              org.testng.internal.TestMethodWorker.run(TestMethodWorker.java:111)<br />
              org.testng.TestRunner.privateRun(TestRunner.java:758)<br />
              org.testng.TestRunner.run(TestRunner.java:613)<br />
              org.testng.SuiteRunner.runTest(SuiteRunner.java:334)<br />
              org.testng.SuiteRunner.runSequentially(SuiteRunner.java:329)<br />
              org.testng.SuiteRunner.privateRun(SuiteRunner.java:291)<br />
              org.testng.SuiteRunner.run(SuiteRunner.java:240)<br />
              org.testng.SuiteRunnerWorker.runSuite(SuiteRunnerWorker.java:53)<br />
              org.testng.SuiteRunnerWorker.run(SuiteRunnerWorker.java:87)<br />
              org.testng.TestNG.runSuitesSequentially(TestNG.java:1142)<br />
              org.testng.TestNG.runSuitesLocally(TestNG.java:1067)<br />
              org.testng.TestNG.run(TestNG.java:979)<br />
              org.testng.remote.RemoteTestNG.run(RemoteTestNG.java:109)<br />
              org.testng.remote.RemoteTestNG.initAndRun(RemoteTestNG.java:202)<br />
              org.testng.remote.RemoteTestNG.main(RemoteTestNG.java:173)<br />
                </div>
      </td>
</tr>
<tr>
  <td class="method">
                  <span class="description" title="Login as a Normal User and go to Add new 'Non Travel Expense Claim' and Verify the which 'NonEditable' and Validation Over Submit Button while not Added any Details for Add New Claim.">verifyElementsAndValidationOverSubmitButton</span>
      </td>
  <td class="duration">
    1.842s
  </td>
  <td class="result">
        
    
            <div class="testOutput">
                        &lt;h3 style=&quot;color:#000080&quot;&gt; Login as a Normal User and go to Add new &apos;Non Travel Expense Claim&apos; and Verify the which &apos;NonEditable&apos; and Validation Over Submit Button while not Added any Details for Add New Claim. &lt;/h3&gt;<br />
                  </div>
    

        <a href="javascript:toggleElement('exception-20', 'block')" title="Click to expand/collapse"><b>org.openqa.selenium.ElementNotVisibleException: The point at which the driver is attempting to click on the element was not scrolled into the viewport. (WARNING: The server did not provide any stacktrace information)<br/>
Command duration or timeout: 156 milliseconds<br/>
Build info: version: &apos;2.24.1&apos;, revision: &apos;17205&apos;, time: &apos;2012-06-19 17:28:14&apos;<br/>
System info: os.name: &apos;Windows 7&apos;, os.arch: &apos;x86&apos;, os.version: &apos;6.1&apos;, java.version: &apos;1.6.0_22&apos;<br/>
Driver info: driver.version: RemoteWebDriver<br/>
Session ID: 7cea6176-3ac6-44de-a26c-0038c0af67e3</b></a><br />
    <div class="stackTrace" id="exception-20">
              sun.reflect.NativeConstructorAccessorImpl.newInstance0(Native Method)<br />
              sun.reflect.NativeConstructorAccessorImpl.newInstance(Unknown Source)<br />
              sun.reflect.DelegatingConstructorAccessorImpl.newInstance(Unknown Source)<br />
              java.lang.reflect.Constructor.newInstance(Unknown Source)<br />
              org.openqa.selenium.remote.ErrorHandler.createThrowable(ErrorHandler.java:188)<br />
              org.openqa.selenium.remote.ErrorHandler.throwIfResponseFailed(ErrorHandler.java:145)<br />
              org.openqa.selenium.remote.RemoteWebDriver.execute(RemoteWebDriver.java:472)<br />
              org.openqa.selenium.remote.RemoteWebElement.execute(RemoteWebElement.java:244)<br />
              org.openqa.selenium.remote.RemoteWebElement.click(RemoteWebElement.java:77)<br />
              modules.NonTravelExpenseClaim.claimForNonTravelExpense(NonTravelExpenseClaim.java:46)<br />
              tests.nonTravelExpenseClaim.NonTravelExpenseClaim_TestCases.verifyElementsAndValidationOverSubmitButton(NonTravelExpenseClaim_TestCases.java:54)<br />
              sun.reflect.NativeMethodAccessorImpl.invoke0(Native Method)<br />
              sun.reflect.NativeMethodAccessorImpl.invoke(Unknown Source)<br />
              sun.reflect.DelegatingMethodAccessorImpl.invoke(Unknown Source)<br />
              java.lang.reflect.Method.invoke(Unknown Source)<br />
              org.testng.internal.MethodInvocationHelper.invokeMethod(MethodInvocationHelper.java:80)<br />
              org.testng.internal.Invoker.invokeMethod(Invoker.java:691)<br />
              org.testng.internal.Invoker.invokeTestMethod(Invoker.java:883)<br />
              org.testng.internal.Invoker.invokeTestMethods(Invoker.java:1208)<br />
              org.testng.internal.TestMethodWorker.invokeTestMethods(TestMethodWorker.java:127)<br />
              org.testng.internal.TestMethodWorker.run(TestMethodWorker.java:111)<br />
              org.testng.TestRunner.privateRun(TestRunner.java:758)<br />
              org.testng.TestRunner.run(TestRunner.java:613)<br />
              org.testng.SuiteRunner.runTest(SuiteRunner.java:334)<br />
              org.testng.SuiteRunner.runSequentially(SuiteRunner.java:329)<br />
              org.testng.SuiteRunner.privateRun(SuiteRunner.java:291)<br />
              org.testng.SuiteRunner.run(SuiteRunner.java:240)<br />
              org.testng.SuiteRunnerWorker.runSuite(SuiteRunnerWorker.java:53)<br />
              org.testng.SuiteRunnerWorker.run(SuiteRunnerWorker.java:87)<br />
              org.testng.TestNG.runSuitesSequentially(TestNG.java:1142)<br />
              org.testng.TestNG.runSuitesLocally(TestNG.java:1067)<br />
              org.testng.TestNG.run(TestNG.java:979)<br />
              org.testng.remote.RemoteTestNG.run(RemoteTestNG.java:109)<br />
              org.testng.remote.RemoteTestNG.initAndRun(RemoteTestNG.java:202)<br />
              org.testng.remote.RemoteTestNG.main(RemoteTestNG.java:173)<br />
                </div>
      </td>
</tr>
<tr>
  <td class="method">
                  <span class="description" title="Login as a Normal User and Click to 'Non Travel Expense' in Claim Tab and Verify Elements are present on page.">verifyElementsPresentOnNonTravelExpenseListPage</span>
      </td>
  <td class="duration">
    1.889s
  </td>
  <td class="result">
        
    
            <div class="testOutput">
                        &lt;h3 style=&quot;color:#000080&quot;&gt; Login as a Normal User and Click to &apos;Non Travel Expense&apos; in Claim Tab and Verify Elements are present on page. &lt;/h3&gt;<br />
                  </div>
    

        <a href="javascript:toggleElement('exception-21', 'block')" title="Click to expand/collapse"><b>org.openqa.selenium.ElementNotVisibleException: The point at which the driver is attempting to click on the element was not scrolled into the viewport. (WARNING: The server did not provide any stacktrace information)<br/>
Command duration or timeout: 171 milliseconds<br/>
Build info: version: &apos;2.24.1&apos;, revision: &apos;17205&apos;, time: &apos;2012-06-19 17:28:14&apos;<br/>
System info: os.name: &apos;Windows 7&apos;, os.arch: &apos;x86&apos;, os.version: &apos;6.1&apos;, java.version: &apos;1.6.0_22&apos;<br/>
Driver info: driver.version: RemoteWebDriver<br/>
Session ID: 7cea6176-3ac6-44de-a26c-0038c0af67e3</b></a><br />
    <div class="stackTrace" id="exception-21">
              sun.reflect.NativeConstructorAccessorImpl.newInstance0(Native Method)<br />
              sun.reflect.NativeConstructorAccessorImpl.newInstance(Unknown Source)<br />
              sun.reflect.DelegatingConstructorAccessorImpl.newInstance(Unknown Source)<br />
              java.lang.reflect.Constructor.newInstance(Unknown Source)<br />
              org.openqa.selenium.remote.ErrorHandler.createThrowable(ErrorHandler.java:188)<br />
              org.openqa.selenium.remote.ErrorHandler.throwIfResponseFailed(ErrorHandler.java:145)<br />
              org.openqa.selenium.remote.RemoteWebDriver.execute(RemoteWebDriver.java:472)<br />
              org.openqa.selenium.remote.RemoteWebElement.execute(RemoteWebElement.java:244)<br />
              org.openqa.selenium.remote.RemoteWebElement.click(RemoteWebElement.java:77)<br />
              modules.NonTravelExpenseClaim.claimForNonTravelExpense(NonTravelExpenseClaim.java:46)<br />
              tests.nonTravelExpenseClaim.NonTravelExpenseClaim_TestCases.verifyElementsPresentOnNonTravelExpenseListPage(NonTravelExpenseClaim_TestCases.java:24)<br />
              sun.reflect.NativeMethodAccessorImpl.invoke0(Native Method)<br />
              sun.reflect.NativeMethodAccessorImpl.invoke(Unknown Source)<br />
              sun.reflect.DelegatingMethodAccessorImpl.invoke(Unknown Source)<br />
              java.lang.reflect.Method.invoke(Unknown Source)<br />
              org.testng.internal.MethodInvocationHelper.invokeMethod(MethodInvocationHelper.java:80)<br />
              org.testng.internal.Invoker.invokeMethod(Invoker.java:691)<br />
              org.testng.internal.Invoker.invokeTestMethod(Invoker.java:883)<br />
              org.testng.internal.Invoker.invokeTestMethods(Invoker.java:1208)<br />
              org.testng.internal.TestMethodWorker.invokeTestMethods(TestMethodWorker.java:127)<br />
              org.testng.internal.TestMethodWorker.run(TestMethodWorker.java:111)<br />
              org.testng.TestRunner.privateRun(TestRunner.java:758)<br />
              org.testng.TestRunner.run(TestRunner.java:613)<br />
              org.testng.SuiteRunner.runTest(SuiteRunner.java:334)<br />
              org.testng.SuiteRunner.runSequentially(SuiteRunner.java:329)<br />
              org.testng.SuiteRunner.privateRun(SuiteRunner.java:291)<br />
              org.testng.SuiteRunner.run(SuiteRunner.java:240)<br />
              org.testng.SuiteRunnerWorker.runSuite(SuiteRunnerWorker.java:53)<br />
              org.testng.SuiteRunnerWorker.run(SuiteRunnerWorker.java:87)<br />
              org.testng.TestNG.runSuitesSequentially(TestNG.java:1142)<br />
              org.testng.TestNG.runSuitesLocally(TestNG.java:1067)<br />
              org.testng.TestNG.run(TestNG.java:979)<br />
              org.testng.remote.RemoteTestNG.run(RemoteTestNG.java:109)<br />
              org.testng.remote.RemoteTestNG.initAndRun(RemoteTestNG.java:202)<br />
              org.testng.remote.RemoteTestNG.main(RemoteTestNG.java:173)<br />
                </div>
      </td>
</tr>
<tr>
  <td class="method">
                  <span class="description" title="Login as a Normal User and Click to 'Non Travel Expense Claim' in Claim Tab, verify if 'Claim Amount' Greater Than 'Approver Range Amount' than Claim should not submit (Alert Displaying) while submitting claim.">verifyRequestAmountGreaterThanApproverRange_InNonTravelExpenseClaim</span>
      </td>
  <td class="duration">
    102.533s
  </td>
  <td class="result">
        
    
            <div class="testOutput">
                        &lt;h3 style=&quot;color:#000080&quot;&gt; Login as a Normal User and Click to &apos;Non Travel Expense Claim&apos; in Claim Tab, verify if &apos;Claim Amount&apos; Greater Than &apos;Approver Range Amount&apos; than Claim should not submit (Alert Displaying) while submitting claim. &lt;/h3&gt;<br />
                  </div>
    

        <a href="javascript:toggleElement('exception-22', 'block')" title="Click to expand/collapse"><b>org.openqa.selenium.TimeoutException: Timed out after 100 seconds waiting for util.TestNgHelper$1@11a7e7f<br/>
Build info: version: &apos;2.24.1&apos;, revision: &apos;17205&apos;, time: &apos;2012-06-19 17:28:14&apos;<br/>
System info: os.name: &apos;Windows 7&apos;, os.arch: &apos;x86&apos;, os.version: &apos;6.1&apos;, java.version: &apos;1.6.0_22&apos;<br/>
Driver info: driver.version: unknown</b></a><br />
    <div class="stackTrace" id="exception-22">
              org.openqa.selenium.support.ui.FluentWait.timeoutException(FluentWait.java:251)<br />
              org.openqa.selenium.support.ui.FluentWait.until(FluentWait.java:220)<br />
              util.TestNgHelper.waitForCondition(TestNgHelper.java:160)<br />
              modules.UserLogin.userLogout(UserLogin.java:44)<br />
              tests.nonTravelExpenseClaim.NonTravelExpenseClaim_TestCases.verifyRequestAmountGreaterThanApproverRange_InNonTravelExpenseClaim(NonTravelExpenseClaim_TestCases.java:1015)<br />
              sun.reflect.NativeMethodAccessorImpl.invoke0(Native Method)<br />
              sun.reflect.NativeMethodAccessorImpl.invoke(Unknown Source)<br />
              sun.reflect.DelegatingMethodAccessorImpl.invoke(Unknown Source)<br />
              java.lang.reflect.Method.invoke(Unknown Source)<br />
              org.testng.internal.MethodInvocationHelper.invokeMethod(MethodInvocationHelper.java:80)<br />
              org.testng.internal.Invoker.invokeMethod(Invoker.java:691)<br />
              org.testng.internal.Invoker.invokeTestMethod(Invoker.java:883)<br />
              org.testng.internal.Invoker.invokeTestMethods(Invoker.java:1208)<br />
              org.testng.internal.TestMethodWorker.invokeTestMethods(TestMethodWorker.java:127)<br />
              org.testng.internal.TestMethodWorker.run(TestMethodWorker.java:111)<br />
              org.testng.TestRunner.privateRun(TestRunner.java:758)<br />
              org.testng.TestRunner.run(TestRunner.java:613)<br />
              org.testng.SuiteRunner.runTest(SuiteRunner.java:334)<br />
              org.testng.SuiteRunner.runSequentially(SuiteRunner.java:329)<br />
              org.testng.SuiteRunner.privateRun(SuiteRunner.java:291)<br />
              org.testng.SuiteRunner.run(SuiteRunner.java:240)<br />
              org.testng.SuiteRunnerWorker.runSuite(SuiteRunnerWorker.java:53)<br />
              org.testng.SuiteRunnerWorker.run(SuiteRunnerWorker.java:87)<br />
              org.testng.TestNG.runSuitesSequentially(TestNG.java:1142)<br />
              org.testng.TestNG.runSuitesLocally(TestNG.java:1067)<br />
              org.testng.TestNG.run(TestNG.java:979)<br />
              org.testng.remote.RemoteTestNG.run(RemoteTestNG.java:109)<br />
              org.testng.remote.RemoteTestNG.initAndRun(RemoteTestNG.java:202)<br />
              org.testng.remote.RemoteTestNG.main(RemoteTestNG.java:173)<br />
                    <b>Caused by: </b> <a href="javascript:toggleElement('exception-23', 'block')" title="Click to expand/collapse">org.openqa.selenium.NoSuchElementException: Unable to find element with id == ctl00_cphMain_btnLogin (WARNING: The server did not provide any stacktrace information)<br/>
Command duration or timeout: 5.02 seconds<br/>
For documentation on this error, please visit: http://seleniumhq.org/exceptions/no_such_element.html<br/>
Build info: version: &apos;2.24.1&apos;, revision: &apos;17205&apos;, time: &apos;2012-06-19 17:28:14&apos;<br/>
System info: os.name: &apos;Windows 7&apos;, os.arch: &apos;x86&apos;, os.version: &apos;6.1&apos;, java.version: &apos;1.6.0_22&apos;<br/>
Driver info: driver.version: RemoteWebDriver<br/>
Session ID: 7cea6176-3ac6-44de-a26c-0038c0af67e3</a><br />
        <div class="stackTrace" id="exception-23">
                      sun.reflect.GeneratedConstructorAccessor20.newInstance(Unknown Source)<br />
                      sun.reflect.DelegatingConstructorAccessorImpl.newInstance(Unknown Source)<br />
                      java.lang.reflect.Constructor.newInstance(Unknown Source)<br />
                      org.openqa.selenium.remote.ErrorHandler.createThrowable(ErrorHandler.java:188)<br />
                      org.openqa.selenium.remote.ErrorHandler.throwIfResponseFailed(ErrorHandler.java:145)<br />
                      org.openqa.selenium.remote.RemoteWebDriver.execute(RemoteWebDriver.java:472)<br />
                      org.openqa.selenium.remote.RemoteWebDriver.findElement(RemoteWebDriver.java:242)<br />
                      org.openqa.selenium.remote.RemoteWebDriver.findElementById(RemoteWebDriver.java:271)<br />
                      org.openqa.selenium.By$ById.findElement(By.java:215)<br />
                      org.openqa.selenium.remote.RemoteWebDriver.findElement(RemoteWebDriver.java:234)<br />
                      util.TestNgHelper$1.apply(TestNgHelper.java:151)<br />
                      util.TestNgHelper$1.apply(TestNgHelper.java:1)<br />
                      org.openqa.selenium.support.ui.FluentWait.until(FluentWait.java:200)<br />
                      util.TestNgHelper.waitForCondition(TestNgHelper.java:160)<br />
                      modules.UserLogin.userLogout(UserLogin.java:44)<br />
                      tests.nonTravelExpenseClaim.NonTravelExpenseClaim_TestCases.verifyRequestAmountGreaterThanApproverRange_InNonTravelExpenseClaim(NonTravelExpenseClaim_TestCases.java:1015)<br />
                      sun.reflect.NativeMethodAccessorImpl.invoke0(Native Method)<br />
                      sun.reflect.NativeMethodAccessorImpl.invoke(Unknown Source)<br />
                      sun.reflect.DelegatingMethodAccessorImpl.invoke(Unknown Source)<br />
                      java.lang.reflect.Method.invoke(Unknown Source)<br />
                      org.testng.internal.MethodInvocationHelper.invokeMethod(MethodInvocationHelper.java:80)<br />
                      org.testng.internal.Invoker.invokeMethod(Invoker.java:691)<br />
                      org.testng.internal.Invoker.invokeTestMethod(Invoker.java:883)<br />
                      org.testng.internal.Invoker.invokeTestMethods(Invoker.java:1208)<br />
                      org.testng.internal.TestMethodWorker.invokeTestMethods(TestMethodWorker.java:127)<br />
                      org.testng.internal.TestMethodWorker.run(TestMethodWorker.java:111)<br />
                      org.testng.TestRunner.privateRun(TestRunner.java:758)<br />
                      org.testng.TestRunner.run(TestRunner.java:613)<br />
                      org.testng.SuiteRunner.runTest(SuiteRunner.java:334)<br />
                      org.testng.SuiteRunner.runSequentially(SuiteRunner.java:329)<br />
                      org.testng.SuiteRunner.privateRun(SuiteRunner.java:291)<br />
                      org.testng.SuiteRunner.run(SuiteRunner.java:240)<br />
                      org.testng.SuiteRunnerWorker.runSuite(SuiteRunnerWorker.java:53)<br />
                      org.testng.SuiteRunnerWorker.run(SuiteRunnerWorker.java:87)<br />
                      org.testng.TestNG.runSuitesSequentially(TestNG.java:1142)<br />
                      org.testng.TestNG.runSuitesLocally(TestNG.java:1067)<br />
                      org.testng.TestNG.run(TestNG.java:979)<br />
                      org.testng.remote.RemoteTestNG.run(RemoteTestNG.java:109)<br />
                      org.testng.remote.RemoteTestNG.initAndRun(RemoteTestNG.java:202)<br />
                      org.testng.remote.RemoteTestNG.main(RemoteTestNG.java:173)<br />
                  </div>
          </div>
      </td>
</tr>
<tr>
  <td class="method">
                  <span class="description" title="Login as a Normal User and Click to 'Non Travel Expense Claim' in Claim Tab, On My Non Travel Claim List page - Check and verify For Search Option are Searching as per functionality.">verifySearchFunctionalityOnNonTravelExpenseClaimListPage</span>
      </td>
  <td class="duration">
    1.920s
  </td>
  <td class="result">
        
    
            <div class="testOutput">
                        &lt;h3 style=&quot;color:#000080&quot;&gt; Login as a Normal User and Click to &apos;Non Travel Expense Claim&apos; in Claim Tab, On My Non Travel Claim List page - Check and verify For Search Option are Searching as per functionality. &lt;/h3&gt;<br />
                  </div>
    

        <a href="javascript:toggleElement('exception-24', 'block')" title="Click to expand/collapse"><b>org.openqa.selenium.ElementNotVisibleException: The point at which the driver is attempting to click on the element was not scrolled into the viewport. (WARNING: The server did not provide any stacktrace information)<br/>
Command duration or timeout: 218 milliseconds<br/>
Build info: version: &apos;2.24.1&apos;, revision: &apos;17205&apos;, time: &apos;2012-06-19 17:28:14&apos;<br/>
System info: os.name: &apos;Windows 7&apos;, os.arch: &apos;x86&apos;, os.version: &apos;6.1&apos;, java.version: &apos;1.6.0_22&apos;<br/>
Driver info: driver.version: RemoteWebDriver<br/>
Session ID: 7cea6176-3ac6-44de-a26c-0038c0af67e3</b></a><br />
    <div class="stackTrace" id="exception-24">
              sun.reflect.GeneratedConstructorAccessor19.newInstance(Unknown Source)<br />
              sun.reflect.DelegatingConstructorAccessorImpl.newInstance(Unknown Source)<br />
              java.lang.reflect.Constructor.newInstance(Unknown Source)<br />
              org.openqa.selenium.remote.ErrorHandler.createThrowable(ErrorHandler.java:188)<br />
              org.openqa.selenium.remote.ErrorHandler.throwIfResponseFailed(ErrorHandler.java:145)<br />
              org.openqa.selenium.remote.RemoteWebDriver.execute(RemoteWebDriver.java:472)<br />
              org.openqa.selenium.remote.RemoteWebElement.execute(RemoteWebElement.java:244)<br />
              org.openqa.selenium.remote.RemoteWebElement.click(RemoteWebElement.java:77)<br />
              modules.NonTravelExpenseClaim.claimForNonTravelExpense(NonTravelExpenseClaim.java:46)<br />
              tests.nonTravelExpenseClaim.NonTravelExpenseClaim_TestCases.verifySearchFunctionalityOnNonTravelExpenseClaimListPage(NonTravelExpenseClaim_TestCases.java:1577)<br />
              sun.reflect.NativeMethodAccessorImpl.invoke0(Native Method)<br />
              sun.reflect.NativeMethodAccessorImpl.invoke(Unknown Source)<br />
              sun.reflect.DelegatingMethodAccessorImpl.invoke(Unknown Source)<br />
              java.lang.reflect.Method.invoke(Unknown Source)<br />
              org.testng.internal.MethodInvocationHelper.invokeMethod(MethodInvocationHelper.java:80)<br />
              org.testng.internal.Invoker.invokeMethod(Invoker.java:691)<br />
              org.testng.internal.Invoker.invokeTestMethod(Invoker.java:883)<br />
              org.testng.internal.Invoker.invokeTestMethods(Invoker.java:1208)<br />
              org.testng.internal.TestMethodWorker.invokeTestMethods(TestMethodWorker.java:127)<br />
              org.testng.internal.TestMethodWorker.run(TestMethodWorker.java:111)<br />
              org.testng.TestRunner.privateRun(TestRunner.java:758)<br />
              org.testng.TestRunner.run(TestRunner.java:613)<br />
              org.testng.SuiteRunner.runTest(SuiteRunner.java:334)<br />
              org.testng.SuiteRunner.runSequentially(SuiteRunner.java:329)<br />
              org.testng.SuiteRunner.privateRun(SuiteRunner.java:291)<br />
              org.testng.SuiteRunner.run(SuiteRunner.java:240)<br />
              org.testng.SuiteRunnerWorker.runSuite(SuiteRunnerWorker.java:53)<br />
              org.testng.SuiteRunnerWorker.run(SuiteRunnerWorker.java:87)<br />
              org.testng.TestNG.runSuitesSequentially(TestNG.java:1142)<br />
              org.testng.TestNG.runSuitesLocally(TestNG.java:1067)<br />
              org.testng.TestNG.run(TestNG.java:979)<br />
              org.testng.remote.RemoteTestNG.run(RemoteTestNG.java:109)<br />
              org.testng.remote.RemoteTestNG.initAndRun(RemoteTestNG.java:202)<br />
              org.testng.remote.RemoteTestNG.main(RemoteTestNG.java:173)<br />
                </div>
      </td>
</tr>
<tr>
  <td class="method">
                  <span class="description" title="Login as a Normal User go to 'Non Travel Expense Claim' Listing page and verify to Sorting of Claims list by 'Claim no.' and 'Creation date'.' message display.">verifySortingOfListsByClaimNoAndCreationDate</span>
      </td>
  <td class="duration">
    1.874s
  </td>
  <td class="result">
        
    
            <div class="testOutput">
                        &lt;h3 style=&quot;color:#000080&quot;&gt; Login as a Normal User go to &apos;Non Travel Expense Claim&apos; Listing page and verify to Sorting of Claims list by &apos;Claim no.&apos; and &apos;Creation date&apos;. &lt;/h3&gt;<br />
                  </div>
    

        <a href="javascript:toggleElement('exception-25', 'block')" title="Click to expand/collapse"><b>org.openqa.selenium.ElementNotVisibleException: The point at which the driver is attempting to click on the element was not scrolled into the viewport. (WARNING: The server did not provide any stacktrace information)<br/>
Command duration or timeout: 172 milliseconds<br/>
Build info: version: &apos;2.24.1&apos;, revision: &apos;17205&apos;, time: &apos;2012-06-19 17:28:14&apos;<br/>
System info: os.name: &apos;Windows 7&apos;, os.arch: &apos;x86&apos;, os.version: &apos;6.1&apos;, java.version: &apos;1.6.0_22&apos;<br/>
Driver info: driver.version: RemoteWebDriver<br/>
Session ID: 7cea6176-3ac6-44de-a26c-0038c0af67e3</b></a><br />
    <div class="stackTrace" id="exception-25">
              sun.reflect.GeneratedConstructorAccessor19.newInstance(Unknown Source)<br />
              sun.reflect.DelegatingConstructorAccessorImpl.newInstance(Unknown Source)<br />
              java.lang.reflect.Constructor.newInstance(Unknown Source)<br />
              org.openqa.selenium.remote.ErrorHandler.createThrowable(ErrorHandler.java:188)<br />
              org.openqa.selenium.remote.ErrorHandler.throwIfResponseFailed(ErrorHandler.java:145)<br />
              org.openqa.selenium.remote.RemoteWebDriver.execute(RemoteWebDriver.java:472)<br />
              org.openqa.selenium.remote.RemoteWebElement.execute(RemoteWebElement.java:244)<br />
              org.openqa.selenium.remote.RemoteWebElement.click(RemoteWebElement.java:77)<br />
              modules.NonTravelExpenseClaim.claimForNonTravelExpense(NonTravelExpenseClaim.java:46)<br />
              tests.nonTravelExpenseClaim.NonTravelExpenseClaim_TestCases.verifySortingOfListsByClaimNoAndCreationDate(NonTravelExpenseClaim_TestCases.java:1591)<br />
              sun.reflect.NativeMethodAccessorImpl.invoke0(Native Method)<br />
              sun.reflect.NativeMethodAccessorImpl.invoke(Unknown Source)<br />
              sun.reflect.DelegatingMethodAccessorImpl.invoke(Unknown Source)<br />
              java.lang.reflect.Method.invoke(Unknown Source)<br />
              org.testng.internal.MethodInvocationHelper.invokeMethod(MethodInvocationHelper.java:80)<br />
              org.testng.internal.Invoker.invokeMethod(Invoker.java:691)<br />
              org.testng.internal.Invoker.invokeTestMethod(Invoker.java:883)<br />
              org.testng.internal.Invoker.invokeTestMethods(Invoker.java:1208)<br />
              org.testng.internal.TestMethodWorker.invokeTestMethods(TestMethodWorker.java:127)<br />
              org.testng.internal.TestMethodWorker.run(TestMethodWorker.java:111)<br />
              org.testng.TestRunner.privateRun(TestRunner.java:758)<br />
              org.testng.TestRunner.run(TestRunner.java:613)<br />
              org.testng.SuiteRunner.runTest(SuiteRunner.java:334)<br />
              org.testng.SuiteRunner.runSequentially(SuiteRunner.java:329)<br />
              org.testng.SuiteRunner.privateRun(SuiteRunner.java:291)<br />
              org.testng.SuiteRunner.run(SuiteRunner.java:240)<br />
              org.testng.SuiteRunnerWorker.runSuite(SuiteRunnerWorker.java:53)<br />
              org.testng.SuiteRunnerWorker.run(SuiteRunnerWorker.java:87)<br />
              org.testng.TestNG.runSuitesSequentially(TestNG.java:1142)<br />
              org.testng.TestNG.runSuitesLocally(TestNG.java:1067)<br />
              org.testng.TestNG.run(TestNG.java:979)<br />
              org.testng.remote.RemoteTestNG.run(RemoteTestNG.java:109)<br />
              org.testng.remote.RemoteTestNG.initAndRun(RemoteTestNG.java:202)<br />
              org.testng.remote.RemoteTestNG.main(RemoteTestNG.java:173)<br />
                </div>
      </td>
</tr>
      </table>


  
</body>
</html>
