<?xml version="1.0" encoding="utf-8" ?>
<!DOCTYPE html PUBLIC "-//W3C//DTD XHTML 1.0 Strict//EN"
        "http://www.w3.org/TR/xhtml1/DTD/xhtml1-strict.dtd">
<html xmlns="http://www.w3.org/1999/xhtml" xml:lang="" lang="">
<head>
  <title>Test Results Report - [TE China - BNL] - Pre Approval Request Module Test</title>
  <meta http-equiv="Content-Type" content="text/html;charset=utf-8" />
  <meta name="description" content="TestNG unit test results." />
  <link href="reportng.css" rel="stylesheet" type="text/css" />
    <script type="text/javascript" src="reportng.js"></script>
</head>
<body>
<h1>[TE China - BNL] - Pre Approval Request Module Test</h1>
<p>
  Test duration: 325.214s
</p>



  <table class="resultsTable">
    <tr><th colspan="3" class="header failed">Failed Tests</th></tr>
          <tr>
        <td colspan="3" class="group">tests.preApprovalClaim.PreApprovalClaim_TestCases</td>
      </tr>
            
<tr>
  <td class="method">
                  <span class="description" title="Login as a Normal User and Click to 'Pre-Approval Request' in Claim Tab, Add one Claim and Verify the Reject and Approve claim from his Manager.">addPreApprovalClaimAndApproveFromAdmin</span>
      </td>
  <td class="duration">
    11.399s
  </td>
  <td class="result">
        
    
            <div class="testOutput">
                        &lt;h3 style=&quot;color:#000080&quot;&gt; Login as a Normal User and Click to &apos;Pre-Approval Request&apos; in Claim Tab, Add one Claim and Verify the Reject and Approve claim from his Manager. &lt;/h3&gt;<br />
                  </div>
    

        <a href="javascript:toggleElement('exception-0', 'block')" title="Click to expand/collapse"><b>org.openqa.selenium.ElementNotVisibleException: Cannot click on element (WARNING: The server did not provide any stacktrace information)<br/>
Command duration or timeout: 218 milliseconds<br/>
Build info: version: &apos;2.24.1&apos;, revision: &apos;17205&apos;, time: &apos;2012-06-19 17:28:14&apos;<br/>
System info: os.name: &apos;Windows 7&apos;, os.arch: &apos;x86&apos;, os.version: &apos;6.1&apos;, java.version: &apos;1.6.0_22&apos;<br/>
Driver info: driver.version: RemoteWebDriver<br/>
Session ID: 7cea6176-3ac6-44de-a26c-0038c0af67e3</b></a><br />
    <div class="stackTrace" id="exception-0">
              sun.reflect.NativeConstructorAccessorImpl.newInstance0(Native Method)<br />
              sun.reflect.NativeConstructorAccessorImpl.newInstance(Unknown Source)<br />
              sun.reflect.DelegatingConstructorAccessorImpl.newInstance(Unknown Source)<br />
              java.lang.reflect.Constructor.newInstance(Unknown Source)<br />
              org.openqa.selenium.remote.ErrorHandler.createThrowable(ErrorHandler.java:188)<br />
              org.openqa.selenium.remote.ErrorHandler.throwIfResponseFailed(ErrorHandler.java:145)<br />
              org.openqa.selenium.remote.RemoteWebDriver.execute(RemoteWebDriver.java:472)<br />
              org.openqa.selenium.remote.RemoteWebElement.execute(RemoteWebElement.java:244)<br />
              org.openqa.selenium.remote.RemoteWebElement.click(RemoteWebElement.java:77)<br />
              modules.CommonMethods.selectGivenDateFromCalendar(CommonMethods.java:37)<br />
              modules.PreApprovalClaim.fillPreApprovalExpenseForm(PreApprovalClaim.java:197)<br />
              tests.preApprovalClaim.PreApprovalClaim_TestCases.addPreApprovalClaimAndApproveFromAdmin(PreApprovalClaim_TestCases.java:347)<br />
              sun.reflect.NativeMethodAccessorImpl.invoke0(Native Method)<br />
              sun.reflect.NativeMethodAccessorImpl.invoke(Unknown Source)<br />
              sun.reflect.DelegatingMethodAccessorImpl.invoke(Unknown Source)<br />
              java.lang.reflect.Method.invoke(Unknown Source)<br />
              org.testng.internal.MethodInvocationHelper.invokeMethod(MethodInvocationHelper.java:80)<br />
              org.testng.internal.Invoker.invokeMethod(Invoker.java:691)<br />
              org.testng.internal.Invoker.invokeTestMethod(Invoker.java:883)<br />
              org.testng.internal.Invoker.invokeTestMethods(Invoker.java:1208)<br />
              org.testng.internal.TestMethodWorker.invokeTestMethods(TestMethodWorker.java:127)<br />
              org.testng.internal.TestMethodWorker.run(TestMethodWorker.java:111)<br />
              org.testng.TestRunner.privateRun(TestRunner.java:758)<br />
              org.testng.TestRunner.run(TestRunner.java:613)<br />
              org.testng.SuiteRunner.runTest(SuiteRunner.java:334)<br />
              org.testng.SuiteRunner.runSequentially(SuiteRunner.java:329)<br />
              org.testng.SuiteRunner.privateRun(SuiteRunner.java:291)<br />
              org.testng.SuiteRunner.run(SuiteRunner.java:240)<br />
              org.testng.SuiteRunnerWorker.runSuite(SuiteRunnerWorker.java:53)<br />
              org.testng.SuiteRunnerWorker.run(SuiteRunnerWorker.java:87)<br />
              org.testng.TestNG.runSuitesSequentially(TestNG.java:1142)<br />
              org.testng.TestNG.runSuitesLocally(TestNG.java:1067)<br />
              org.testng.TestNG.run(TestNG.java:979)<br />
              org.testng.remote.RemoteTestNG.run(RemoteTestNG.java:109)<br />
              org.testng.remote.RemoteTestNG.initAndRun(RemoteTestNG.java:202)<br />
              org.testng.remote.RemoteTestNG.main(RemoteTestNG.java:173)<br />
                </div>
      </td>
</tr>
<tr>
  <td class="method">
                  <span class="description" title="Login as a Normal User and Click to 'Pre-Approval Request' in Claim Tab to Add new Claim, Save the the Expense and Verify Request Status, View, and Delete Action on the listing page.">savePreApprovalExpense_VerifyStatusViewDeleteActionOnListPage</span>
      </td>
  <td class="duration">
    17.233s
  </td>
  <td class="result">
        
    
            <div class="testOutput">
                        &lt;h3 style=&quot;color:#000080&quot;&gt; Login as a Normal User and Click to &apos;Pre-Approval Request&apos; in Claim Tab to Add new Claim, Save the the Expense and Verify Request Status, View, and Delete Action on the listing page. &lt;/h3&gt;<br />
                  </div>
    

        <a href="javascript:toggleElement('exception-1', 'block')" title="Click to expand/collapse"><b>org.openqa.selenium.ElementNotVisibleException: Cannot click on element (WARNING: The server did not provide any stacktrace information)<br/>
Command duration or timeout: 202 milliseconds<br/>
Build info: version: &apos;2.24.1&apos;, revision: &apos;17205&apos;, time: &apos;2012-06-19 17:28:14&apos;<br/>
System info: os.name: &apos;Windows 7&apos;, os.arch: &apos;x86&apos;, os.version: &apos;6.1&apos;, java.version: &apos;1.6.0_22&apos;<br/>
Driver info: driver.version: RemoteWebDriver<br/>
Session ID: 7cea6176-3ac6-44de-a26c-0038c0af67e3</b></a><br />
    <div class="stackTrace" id="exception-1">
              sun.reflect.NativeConstructorAccessorImpl.newInstance0(Native Method)<br />
              sun.reflect.NativeConstructorAccessorImpl.newInstance(Unknown Source)<br />
              sun.reflect.DelegatingConstructorAccessorImpl.newInstance(Unknown Source)<br />
              java.lang.reflect.Constructor.newInstance(Unknown Source)<br />
              org.openqa.selenium.remote.ErrorHandler.createThrowable(ErrorHandler.java:188)<br />
              org.openqa.selenium.remote.ErrorHandler.throwIfResponseFailed(ErrorHandler.java:145)<br />
              org.openqa.selenium.remote.RemoteWebDriver.execute(RemoteWebDriver.java:472)<br />
              org.openqa.selenium.remote.RemoteWebElement.execute(RemoteWebElement.java:244)<br />
              org.openqa.selenium.remote.RemoteWebElement.click(RemoteWebElement.java:77)<br />
              modules.CommonMethods.selectGivenDateFromCalendar(CommonMethods.java:37)<br />
              modules.PreApprovalClaim.fillPreApprovalExpenseForm(PreApprovalClaim.java:198)<br />
              tests.preApprovalClaim.PreApprovalClaim_TestCases.savePreApprovalExpense_VerifyStatusViewDeleteActionOnListPage(PreApprovalClaim_TestCases.java:88)<br />
              sun.reflect.NativeMethodAccessorImpl.invoke0(Native Method)<br />
              sun.reflect.NativeMethodAccessorImpl.invoke(Unknown Source)<br />
              sun.reflect.DelegatingMethodAccessorImpl.invoke(Unknown Source)<br />
              java.lang.reflect.Method.invoke(Unknown Source)<br />
              org.testng.internal.MethodInvocationHelper.invokeMethod(MethodInvocationHelper.java:80)<br />
              org.testng.internal.Invoker.invokeMethod(Invoker.java:691)<br />
              org.testng.internal.Invoker.invokeTestMethod(Invoker.java:883)<br />
              org.testng.internal.Invoker.invokeTestMethods(Invoker.java:1208)<br />
              org.testng.internal.TestMethodWorker.invokeTestMethods(TestMethodWorker.java:127)<br />
              org.testng.internal.TestMethodWorker.run(TestMethodWorker.java:111)<br />
              org.testng.TestRunner.privateRun(TestRunner.java:758)<br />
              org.testng.TestRunner.run(TestRunner.java:613)<br />
              org.testng.SuiteRunner.runTest(SuiteRunner.java:334)<br />
              org.testng.SuiteRunner.runSequentially(SuiteRunner.java:329)<br />
              org.testng.SuiteRunner.privateRun(SuiteRunner.java:291)<br />
              org.testng.SuiteRunner.run(SuiteRunner.java:240)<br />
              org.testng.SuiteRunnerWorker.runSuite(SuiteRunnerWorker.java:53)<br />
              org.testng.SuiteRunnerWorker.run(SuiteRunnerWorker.java:87)<br />
              org.testng.TestNG.runSuitesSequentially(TestNG.java:1142)<br />
              org.testng.TestNG.runSuitesLocally(TestNG.java:1067)<br />
              org.testng.TestNG.run(TestNG.java:979)<br />
              org.testng.remote.RemoteTestNG.run(RemoteTestNG.java:109)<br />
              org.testng.remote.RemoteTestNG.initAndRun(RemoteTestNG.java:202)<br />
              org.testng.remote.RemoteTestNG.main(RemoteTestNG.java:173)<br />
                </div>
      </td>
</tr>
<tr>
  <td class="method">
                  <span class="description" title="Login as a Normal User and Click to 'Pre-Approval Request' in Claim Tab to Add new Claim, Submit the the Expense and Verify Cancel Action and Status on the listing page.">submitPreApprovalExpense_VerifyCancelActionAndStatusOnListPage</span>
      </td>
  <td class="duration">
    11.038s
  </td>
  <td class="result">
        
    
            <div class="testOutput">
                        &lt;h3 style=&quot;color:#000080&quot;&gt; Login as a Normal User and Click to &apos;Pre-Approval Request&apos; in Claim Tab to Add new Claim, Submit the the Expense and Verify Cancel Action and Status on the listing page. &lt;/h3&gt;<br />
                  </div>
    

        <a href="javascript:toggleElement('exception-2', 'block')" title="Click to expand/collapse"><b>org.openqa.selenium.ElementNotVisibleException: Cannot click on element (WARNING: The server did not provide any stacktrace information)<br/>
Command duration or timeout: 219 milliseconds<br/>
Build info: version: &apos;2.24.1&apos;, revision: &apos;17205&apos;, time: &apos;2012-06-19 17:28:14&apos;<br/>
System info: os.name: &apos;Windows 7&apos;, os.arch: &apos;x86&apos;, os.version: &apos;6.1&apos;, java.version: &apos;1.6.0_22&apos;<br/>
Driver info: driver.version: RemoteWebDriver<br/>
Session ID: 7cea6176-3ac6-44de-a26c-0038c0af67e3</b></a><br />
    <div class="stackTrace" id="exception-2">
              sun.reflect.NativeConstructorAccessorImpl.newInstance0(Native Method)<br />
              sun.reflect.NativeConstructorAccessorImpl.newInstance(Unknown Source)<br />
              sun.reflect.DelegatingConstructorAccessorImpl.newInstance(Unknown Source)<br />
              java.lang.reflect.Constructor.newInstance(Unknown Source)<br />
              org.openqa.selenium.remote.ErrorHandler.createThrowable(ErrorHandler.java:188)<br />
              org.openqa.selenium.remote.ErrorHandler.throwIfResponseFailed(ErrorHandler.java:145)<br />
              org.openqa.selenium.remote.RemoteWebDriver.execute(RemoteWebDriver.java:472)<br />
              org.openqa.selenium.remote.RemoteWebElement.execute(RemoteWebElement.java:244)<br />
              org.openqa.selenium.remote.RemoteWebElement.click(RemoteWebElement.java:77)<br />
              modules.CommonMethods.selectGivenDateFromCalendar(CommonMethods.java:37)<br />
              modules.PreApprovalClaim.fillPreApprovalExpenseForm(PreApprovalClaim.java:197)<br />
              tests.preApprovalClaim.PreApprovalClaim_TestCases.submitPreApprovalExpense_VerifyCancelActionAndStatusOnListPage(PreApprovalClaim_TestCases.java:251)<br />
              sun.reflect.NativeMethodAccessorImpl.invoke0(Native Method)<br />
              sun.reflect.NativeMethodAccessorImpl.invoke(Unknown Source)<br />
              sun.reflect.DelegatingMethodAccessorImpl.invoke(Unknown Source)<br />
              java.lang.reflect.Method.invoke(Unknown Source)<br />
              org.testng.internal.MethodInvocationHelper.invokeMethod(MethodInvocationHelper.java:80)<br />
              org.testng.internal.Invoker.invokeMethod(Invoker.java:691)<br />
              org.testng.internal.Invoker.invokeTestMethod(Invoker.java:883)<br />
              org.testng.internal.Invoker.invokeTestMethods(Invoker.java:1208)<br />
              org.testng.internal.TestMethodWorker.invokeTestMethods(TestMethodWorker.java:127)<br />
              org.testng.internal.TestMethodWorker.run(TestMethodWorker.java:111)<br />
              org.testng.TestRunner.privateRun(TestRunner.java:758)<br />
              org.testng.TestRunner.run(TestRunner.java:613)<br />
              org.testng.SuiteRunner.runTest(SuiteRunner.java:334)<br />
              org.testng.SuiteRunner.runSequentially(SuiteRunner.java:329)<br />
              org.testng.SuiteRunner.privateRun(SuiteRunner.java:291)<br />
              org.testng.SuiteRunner.run(SuiteRunner.java:240)<br />
              org.testng.SuiteRunnerWorker.runSuite(SuiteRunnerWorker.java:53)<br />
              org.testng.SuiteRunnerWorker.run(SuiteRunnerWorker.java:87)<br />
              org.testng.TestNG.runSuitesSequentially(TestNG.java:1142)<br />
              org.testng.TestNG.runSuitesLocally(TestNG.java:1067)<br />
              org.testng.TestNG.run(TestNG.java:979)<br />
              org.testng.remote.RemoteTestNG.run(RemoteTestNG.java:109)<br />
              org.testng.remote.RemoteTestNG.initAndRun(RemoteTestNG.java:202)<br />
              org.testng.remote.RemoteTestNG.main(RemoteTestNG.java:173)<br />
                </div>
      </td>
</tr>
<tr>
  <td class="method">
                  <span class="description" title="Login as a Normal User and Click to 'Pre-Approval Request' in Claim Tab to Add new Claim, Submit the the Expense and Verify Status, View Action on the listing page.">submitPreApprovalExpense_VerifyStatusViewActionOnListPage</span>
      </td>
  <td class="duration">
    11.199s
  </td>
  <td class="result">
        
    
            <div class="testOutput">
                        &lt;h3 style=&quot;color:#000080&quot;&gt; Login as a Normal User and Click to &apos;Pre-Approval Request&apos; in Claim Tab to Add new Claim, Submit the the Expense and Verify Status, View Action on the listing page. &lt;/h3&gt;<br />
                  </div>
    

        <a href="javascript:toggleElement('exception-3', 'block')" title="Click to expand/collapse"><b>org.openqa.selenium.ElementNotVisibleException: Cannot click on element (WARNING: The server did not provide any stacktrace information)<br/>
Command duration or timeout: 219 milliseconds<br/>
Build info: version: &apos;2.24.1&apos;, revision: &apos;17205&apos;, time: &apos;2012-06-19 17:28:14&apos;<br/>
System info: os.name: &apos;Windows 7&apos;, os.arch: &apos;x86&apos;, os.version: &apos;6.1&apos;, java.version: &apos;1.6.0_22&apos;<br/>
Driver info: driver.version: RemoteWebDriver<br/>
Session ID: 7cea6176-3ac6-44de-a26c-0038c0af67e3</b></a><br />
    <div class="stackTrace" id="exception-3">
              sun.reflect.NativeConstructorAccessorImpl.newInstance0(Native Method)<br />
              sun.reflect.NativeConstructorAccessorImpl.newInstance(Unknown Source)<br />
              sun.reflect.DelegatingConstructorAccessorImpl.newInstance(Unknown Source)<br />
              java.lang.reflect.Constructor.newInstance(Unknown Source)<br />
              org.openqa.selenium.remote.ErrorHandler.createThrowable(ErrorHandler.java:188)<br />
              org.openqa.selenium.remote.ErrorHandler.throwIfResponseFailed(ErrorHandler.java:145)<br />
              org.openqa.selenium.remote.RemoteWebDriver.execute(RemoteWebDriver.java:472)<br />
              org.openqa.selenium.remote.RemoteWebElement.execute(RemoteWebElement.java:244)<br />
              org.openqa.selenium.remote.RemoteWebElement.click(RemoteWebElement.java:77)<br />
              modules.CommonMethods.selectGivenDateFromCalendar(CommonMethods.java:37)<br />
              modules.PreApprovalClaim.fillPreApprovalExpenseForm(PreApprovalClaim.java:197)<br />
              tests.preApprovalClaim.PreApprovalClaim_TestCases.submitPreApprovalExpense_VerifyStatusViewActionOnListPage(PreApprovalClaim_TestCases.java:187)<br />
              sun.reflect.NativeMethodAccessorImpl.invoke0(Native Method)<br />
              sun.reflect.NativeMethodAccessorImpl.invoke(Unknown Source)<br />
              sun.reflect.DelegatingMethodAccessorImpl.invoke(Unknown Source)<br />
              java.lang.reflect.Method.invoke(Unknown Source)<br />
              org.testng.internal.MethodInvocationHelper.invokeMethod(MethodInvocationHelper.java:80)<br />
              org.testng.internal.Invoker.invokeMethod(Invoker.java:691)<br />
              org.testng.internal.Invoker.invokeTestMethod(Invoker.java:883)<br />
              org.testng.internal.Invoker.invokeTestMethods(Invoker.java:1208)<br />
              org.testng.internal.TestMethodWorker.invokeTestMethods(TestMethodWorker.java:127)<br />
              org.testng.internal.TestMethodWorker.run(TestMethodWorker.java:111)<br />
              org.testng.TestRunner.privateRun(TestRunner.java:758)<br />
              org.testng.TestRunner.run(TestRunner.java:613)<br />
              org.testng.SuiteRunner.runTest(SuiteRunner.java:334)<br />
              org.testng.SuiteRunner.runSequentially(SuiteRunner.java:329)<br />
              org.testng.SuiteRunner.privateRun(SuiteRunner.java:291)<br />
              org.testng.SuiteRunner.run(SuiteRunner.java:240)<br />
              org.testng.SuiteRunnerWorker.runSuite(SuiteRunnerWorker.java:53)<br />
              org.testng.SuiteRunnerWorker.run(SuiteRunnerWorker.java:87)<br />
              org.testng.TestNG.runSuitesSequentially(TestNG.java:1142)<br />
              org.testng.TestNG.runSuitesLocally(TestNG.java:1067)<br />
              org.testng.TestNG.run(TestNG.java:979)<br />
              org.testng.remote.RemoteTestNG.run(RemoteTestNG.java:109)<br />
              org.testng.remote.RemoteTestNG.initAndRun(RemoteTestNG.java:202)<br />
              org.testng.remote.RemoteTestNG.main(RemoteTestNG.java:173)<br />
                </div>
      </td>
</tr>
<tr>
  <td class="method">
                  <span class="description" title="Login as a Normal User and Click to 'Pre-Approval Request' in Claim Tab to Add new Claim, verify Elements and fields validation while Applying on page.">verifyElementsAndFieldsValidationWhileAddingNewRequest</span>
      </td>
  <td class="duration">
    34.093s
  </td>
  <td class="result">
        
    
            <div class="testOutput">
                        &lt;h3 style=&quot;color:#000080&quot;&gt; Login as a Normal User and Click to &apos;Pre-Approval Request&apos; in Claim Tab to Add new Claim, verify Elements and fields validation while Applying on page. &lt;/h3&gt;<br />
                                &lt;li style=&quot;color:#0000FF&quot;&gt; Verified: &apos;Pre-Approval Form&apos; level present. &lt;/li&gt;<br />
                                &lt;li style=&quot;color:#0000FF&quot;&gt; Verified: &apos;Filed For&apos;, field selected Loggedin user name &lt;/li&gt;<br />
                                &lt;li style=&quot;color:#0000FF&quot;&gt; Verified: &apos;Filed By&apos;, field Value is Loggedin user name &lt;/li&gt;<br />
                                &lt;li style=&quot;color:#0000FF&quot;&gt; Verified The Elements : &apos;Request No&apos;, &apos;Filed By&apos;, fields are NonEditable Text Field &lt;/li&gt;<br />
                                &lt;li style=&quot;color:#0000FF&quot;&gt; <br/>
<br/>
 On click Submit Button - validation for Fields which is Mandatory:: - From Date cannot be left blank.<br/>
- To Date cannot be left blank.<br/>
- Total Days cannot be left blank.<br/>
- Business Purpose &amp; Plan cannot be left blank.<br/>
- Travel Subsidies cannot be left blank.<br/>
- Traffic Expenses cannot be left blank.<br/>
- Meals cannot be left blank.<br/>
- Others cannot be left blank. &lt;/li&gt;<br />
                                &lt;li style=&quot;color:#0000FF&quot;&gt; <br/>
<br/>
 On click Submit Button - validation for &apos;From Date&apos; :: - From Date cannot be less than today.<br/>
- To Date cannot be left blank.<br/>
- Total Days cannot be left blank.<br/>
- Business Purpose &amp; Plan cannot be left blank.<br/>
- Travel Subsidies cannot be left blank.<br/>
- Traffic Expenses cannot be left blank.<br/>
- Meals cannot be left blank.<br/>
- Others cannot be left blank. &lt;/li&gt;<br />
                  </div>
    

        <a href="javascript:toggleElement('exception-4', 'block')" title="Click to expand/collapse"><b>org.openqa.selenium.ElementNotVisibleException: Cannot click on element (WARNING: The server did not provide any stacktrace information)<br/>
Command duration or timeout: 218 milliseconds<br/>
Build info: version: &apos;2.24.1&apos;, revision: &apos;17205&apos;, time: &apos;2012-06-19 17:28:14&apos;<br/>
System info: os.name: &apos;Windows 7&apos;, os.arch: &apos;x86&apos;, os.version: &apos;6.1&apos;, java.version: &apos;1.6.0_22&apos;<br/>
Driver info: driver.version: RemoteWebDriver<br/>
Session ID: 7cea6176-3ac6-44de-a26c-0038c0af67e3</b></a><br />
    <div class="stackTrace" id="exception-4">
              sun.reflect.NativeConstructorAccessorImpl.newInstance0(Native Method)<br />
              sun.reflect.NativeConstructorAccessorImpl.newInstance(Unknown Source)<br />
              sun.reflect.DelegatingConstructorAccessorImpl.newInstance(Unknown Source)<br />
              java.lang.reflect.Constructor.newInstance(Unknown Source)<br />
              org.openqa.selenium.remote.ErrorHandler.createThrowable(ErrorHandler.java:188)<br />
              org.openqa.selenium.remote.ErrorHandler.throwIfResponseFailed(ErrorHandler.java:145)<br />
              org.openqa.selenium.remote.RemoteWebDriver.execute(RemoteWebDriver.java:472)<br />
              org.openqa.selenium.remote.RemoteWebElement.execute(RemoteWebElement.java:244)<br />
              org.openqa.selenium.remote.RemoteWebElement.click(RemoteWebElement.java:77)<br />
              modules.CommonMethods.selectGivenDateFromCalendar(CommonMethods.java:37)<br />
              modules.PreApprovalClaim.checkFieldValidation_PreApprovalForm(PreApprovalClaim.java:63)<br />
              tests.preApprovalClaim.PreApprovalClaim_TestCases.verifyElementsAndFieldsValidationWhileAddingNewRequest(PreApprovalClaim_TestCases.java:70)<br />
              sun.reflect.NativeMethodAccessorImpl.invoke0(Native Method)<br />
              sun.reflect.NativeMethodAccessorImpl.invoke(Unknown Source)<br />
              sun.reflect.DelegatingMethodAccessorImpl.invoke(Unknown Source)<br />
              java.lang.reflect.Method.invoke(Unknown Source)<br />
              org.testng.internal.MethodInvocationHelper.invokeMethod(MethodInvocationHelper.java:80)<br />
              org.testng.internal.Invoker.invokeMethod(Invoker.java:691)<br />
              org.testng.internal.Invoker.invokeTestMethod(Invoker.java:883)<br />
              org.testng.internal.Invoker.invokeTestMethods(Invoker.java:1208)<br />
              org.testng.internal.TestMethodWorker.invokeTestMethods(TestMethodWorker.java:127)<br />
              org.testng.internal.TestMethodWorker.run(TestMethodWorker.java:111)<br />
              org.testng.TestRunner.privateRun(TestRunner.java:758)<br />
              org.testng.TestRunner.run(TestRunner.java:613)<br />
              org.testng.SuiteRunner.runTest(SuiteRunner.java:334)<br />
              org.testng.SuiteRunner.runSequentially(SuiteRunner.java:329)<br />
              org.testng.SuiteRunner.privateRun(SuiteRunner.java:291)<br />
              org.testng.SuiteRunner.run(SuiteRunner.java:240)<br />
              org.testng.SuiteRunnerWorker.runSuite(SuiteRunnerWorker.java:53)<br />
              org.testng.SuiteRunnerWorker.run(SuiteRunnerWorker.java:87)<br />
              org.testng.TestNG.runSuitesSequentially(TestNG.java:1142)<br />
              org.testng.TestNG.runSuitesLocally(TestNG.java:1067)<br />
              org.testng.TestNG.run(TestNG.java:979)<br />
              org.testng.remote.RemoteTestNG.run(RemoteTestNG.java:109)<br />
              org.testng.remote.RemoteTestNG.initAndRun(RemoteTestNG.java:202)<br />
              org.testng.remote.RemoteTestNG.main(RemoteTestNG.java:173)<br />
                </div>
      </td>
</tr>
      </table>


  <table class="resultsTable">
    <tr><th colspan="3" class="header passed">Passed Tests</th></tr>
          <tr>
        <td colspan="3" class="group">tests.preApprovalClaim.PreApprovalClaim_TestCases</td>
      </tr>
            
<tr>
  <td class="method">
                  <span class="description" title="Login as a Normal User and Click to 'Pre-Approval Request' in Claim Tab, Check and verify paging on the PreApproval listing page.">pagingCheckAndVerifyOnPreApprovalListtingPage</span>
      </td>
  <td class="duration">
    16.531s
  </td>
  <td class="result">
        
    
            <div class="testOutput">
                        &lt;h3 style=&quot;color:#000080&quot;&gt; Login as a Normal User and Click to &apos;Pre-Approval Request&apos; in Claim Tab, Check and verify paging on the PreApproval listing page. &lt;/h3&gt;<br />
                                &lt;li style=&quot;color:#0000FF&quot;&gt; Paging displaying on &apos;Listing of Pre-Approvals&apos; page because record is more than 20 &lt;/li&gt;<br />
                                &lt;li style=&quot;color:#0000FF&quot;&gt; Paging displaying on &apos;Listing of Pre-Approvals&apos; page with 3rd page link because record is more than 40 &lt;/li&gt;<br />
                                &lt;li style=&quot;color:#0000FF&quot;&gt; Paging Verification Done on &apos;Listing of Pre-Approvals&apos; page. &lt;/li&gt;<br />
                  </div>
    

      </td>
</tr>
<tr>
  <td class="method">
                  <span class="description" title="Login as a Normal User and Click to 'Pre-Approval Request' in Claim Tab to Add new Claim, Save the the Expense and Verify Edit Action on the listing page.">savePreApprovalExpense_VerifyEditActionOnListPage</span>
      </td>
  <td class="duration">
    61.524s
  </td>
  <td class="result">
        
    
            <div class="testOutput">
                        &lt;h3 style=&quot;color:#000080&quot;&gt; Login as a Normal User and Click to &apos;Pre-Approval Request&apos; in Claim Tab to Add new Claim, Save the the Expense and Verify Edit Action on the listing page. &lt;/h3&gt;<br />
                                &lt;li style=&quot;color:#0000FF&quot;&gt; Verified: &apos;Filed For&apos;, field selected Loggedin user name &lt;/li&gt;<br />
                                &lt;li style=&quot;color:#0000FF&quot;&gt; Verified: Added Expense amount is : 3054 &lt;/li&gt;<br />
                                &lt;li style=&quot;color:#0000FF&quot;&gt; Verified: All Entered data record are Appearing in corresponding fields, And &apos;Submit&apos;, &apos;Save&apos; and &apos;Delete&apos; Button displaying on Edit page &lt;/li&gt;<br />
                                &lt;li style=&quot;color:#0000FF&quot;&gt; Verified: Added Expense record Edited with same Request No and updated amount : 3166 &lt;/li&gt;<br />
                  </div>
    

      </td>
</tr>
<tr>
  <td class="method">
                  <span class="description" title="Login as a Normal User and Click to 'Pre-Approval Request' in Claim Tab and Verify Elements are present on page.">verifyElementsPresentOnPreApprovalListingPage</span>
      </td>
  <td class="duration">
    6.668s
  </td>
  <td class="result">
        
    
            <div class="testOutput">
                        &lt;h3 style=&quot;color:#000080&quot;&gt; Login as a Normal User and Click to &apos;Pre-Approval Request&apos; in Claim Tab and Verify Elements are present on page. &lt;/h3&gt;<br />
                                &lt;li style=&quot;color:#0000FF&quot;&gt; Verified: Elements are present on page (Search DDL, Search Button, Search Text, Add new button). &lt;/li&gt;<br />
                                &lt;li style=&quot;color:#0000FF&quot;&gt; Verified: Request no. are a link &lt;/li&gt;<br />
                                &lt;li style=&quot;color:#0000FF&quot;&gt; Verified: Verify list of records should be displayed in a tabular format under columns on the page: &lt;/li&gt;<br />
                                &lt;li style=&quot;color:#0000FF&quot;&gt; Verified: application navigates to view pre approval page &lt;/li&gt;<br />
                  </div>
    

      </td>
</tr>
<tr>
  <td class="method">
                  <span class="description" title="Login as a Normal User who is neither admin user nor 'finance user' and verify in 'My Approvals Tab' 'No records found.' message display.">verifyMyApprovalsTabForNormalUserLogin</span>
      </td>
  <td class="duration">
    1.496s
  </td>
  <td class="result">
        
    
            <div class="testOutput">
                        &lt;h3 style=&quot;color:#000080&quot;&gt; Login as a Normal User who is neither admin user nor &apos;finance user&apos; and verify in &apos;My Approvals Tab&apos; &apos;No records found.&apos; message display. &lt;/h3&gt;<br />
                                &lt;li style=&quot;color:#0000FF&quot;&gt; Verified: Log in as Normal User&nbsp; - go to My Approval tab - &apos;No records found.&apos; message displaying. &lt;/li&gt;<br />
                  </div>
    

      </td>
</tr>
<tr>
  <td class="method">
                  <span class="description" title="Login as a Normal User and Click to 'Pre-Approval Request' in Claim Tab, verify if 'Request Amount' Greater Than 'Approver Range Amount' than Claim should not submit (Alert Displaying) while submitting claim.">verifyRequestAmountGreaterThanApproverRangeOnPreApprovalFormPage</span>
      </td>
  <td class="duration">
    55.761s
  </td>
  <td class="result">
        
    
            <div class="testOutput">
                        &lt;h3 style=&quot;color:#000080&quot;&gt; Login as a Normal User and Click to &apos;Pre-Approval Request&apos; in Claim Tab, verify if &apos;Request Amount&apos; Greater Than &apos;Approver Range Amount&apos; than Claim should not submit (Alert Displaying) while submitting claim. &lt;/h3&gt;<br />
                                &lt;li style=&quot;color:#0000FF&quot;&gt; Verified: Logged in User Logout successfuly, URL nevigated to &apos;Default&apos; page. &lt;/li&gt;<br />
                                &lt;li style=&quot;color:#0000FF&quot;&gt; Verified: Logged in as Manager (Admin) of Normal User to get the &apos;Travel Expense Range Amount&apos;. &lt;/li&gt;<br />
                                &lt;li style=&quot;color:#0000FF&quot;&gt; Verified: Logged in User Logout successfuly, URL nevigated to &apos;Default&apos; page. &lt;/li&gt;<br />
                                &lt;li style=&quot;color:#0000FF&quot;&gt; Verified: Logged in as Normal User to Add the new claim. &lt;/li&gt;<br />
                                &lt;li style=&quot;color:#0000FF&quot;&gt; Verified: Request Amount is greater than Manager Approval Amount. &lt;/li&gt;<br />
                                &lt;li style=&quot;color:#0000FF&quot;&gt; <br/>
<br/>
 Click to Submit and, check the Validation Msg :: Are you sure to submit this request? &lt;/li&gt;<br />
                                &lt;li style=&quot;color:#0000FF&quot;&gt; Verified: Alert Diplaying because Request Amount is greater than Manager Approval Amount. &lt;/li&gt;<br />
                                &lt;li style=&quot;color:#0000FF&quot;&gt; <br/>
<br/>
 Click to Submit and, check the Validation Msg if &apos;Request Amount is greater than Manager Approval Amount&apos; :: Request cannot be submitted. Approver approving quota is less than the request amount. &lt;/li&gt;<br />
                                &lt;li style=&quot;color:#0000FF&quot;&gt; <br/>
<br/>
 Click to Submit and, check the Validation Msg :: Are you sure to submit this request? &lt;/li&gt;<br />
                                &lt;li style=&quot;color:#0000FF&quot;&gt; <br/>
<br/>
 Updated Expense Submited Successfuly &lt;/li&gt;<br />
                                &lt;li style=&quot;color:#0000FF&quot;&gt; Verified: Alert Diplaying because Request Amount is greater than Manager Approval Amount. &lt;/li&gt;<br />
                  </div>
    

      </td>
</tr>
<tr>
  <td class="method">
                  <span class="description" title="Login as a Normal User and Click to 'Pre-Approval Request' in Claim Tab, Search functionality on the PreApproval listing page.">verifySearchOnPreApprovalListtingPage</span>
      </td>
  <td class="duration">
    77.390s
  </td>
  <td class="result">
        
    
            <div class="testOutput">
                        &lt;h3 style=&quot;color:#000080&quot;&gt; Login as a Normal User and Click to &apos;Pre-Approval Request&apos; in Claim Tab, Search functionality on the PreApproval listing page. &lt;/h3&gt;<br />
                                &lt;li style=&quot;color:#0000FF&quot;&gt; <br/>
<br/>
 Click to Searh Button without selected any criteria and getting alert Msg :: - Please select Search Criteria first. &lt;/li&gt;<br />
                                &lt;li style=&quot;color:#0000FF&quot;&gt; <br/>
<br/>
 Verified: selected Search Criteria and leaves search text box blank : all records are listed. &lt;/li&gt;<br />
                                &lt;li style=&quot;color:#0000FF&quot;&gt; <br/>
<br/>
 Verified: Two Search Critaria Option appearig in Dropdown : &apos;Request Number&apos; and &apos;Status&apos;. &lt;/li&gt;<br />
                                &lt;li style=&quot;color:#0000FF&quot;&gt; <br/>
<br/>
 Verified: Searched By Request No. - search is applied to search functionality and hence all records having respective keyword in selected search criteria are listed. &lt;/li&gt;<br />
                                &lt;li style=&quot;color:#0000FF&quot;&gt; <br/>
<br/>
 Verified: Searched with &apos;junk characters&apos; - message is displayed as &apos;No records found&apos; on page. &lt;/li&gt;<br />
                                &lt;li style=&quot;color:#0000FF&quot;&gt; <br/>
<br/>
 Verified: Searched By Status. - All Status Type Appearing in Dropdon. &lt;/li&gt;<br />
                                &lt;li style=&quot;color:#0000FF&quot;&gt; <br/>
<br/>
 Verified: Searched By Status. - Searcing by &apos;Waiting for approval&apos; Status : Only &apos;Waiting for approval&apos; status request displaying. &lt;/li&gt;<br />
                                &lt;li style=&quot;color:#0000FF&quot;&gt; <br/>
<br/>
 Verified: Searched By Status. - Searcing by &apos;Approved&apos; Status : Only &apos;Approved&apos; status request displaying. &lt;/li&gt;<br />
                                &lt;li style=&quot;color:#0000FF&quot;&gt; <br/>
<br/>
 Verified: Searched By Status. - Searcing by &apos;Cancelled&apos; Status : Only &apos;Cancelled&apos; status request displaying. &lt;/li&gt;<br />
                                &lt;li style=&quot;color:#0000FF&quot;&gt; <br/>
<br/>
 Verified: Searched By Status. - Searcing by &apos;Draft&apos; Status : Only &apos;Draft&apos; status request displaying. &lt;/li&gt;<br />
                                &lt;li style=&quot;color:#0000FF&quot;&gt; <br/>
<br/>
 Verified: Searched By Status. - Searcing by &apos;Rejected&apos; Status : Only &apos;Rejected&apos; status request displaying. &lt;/li&gt;<br />
                                &lt;li style=&quot;color:#0000FF&quot;&gt; <br/>
<br/>
 Verified: Record Not Found for Search Criteria &lt;/li&gt;<br />
                                &lt;li style=&quot;color:#0000FF&quot;&gt; Verified: Search Functionality &lt;/li&gt;<br />
                  </div>
    

      </td>
</tr>
<tr>
  <td class="method">
                  <span class="description" title="Login as a Normal User go to 'Pre Approval' Listing page and verify to Sorting of Requests list by 'Request no.' and 'Creation date'.' message display.">verifySortingListByRequestNoAndCreationDate</span>
      </td>
  <td class="duration">
    11.735s
  </td>
  <td class="result">
        
    
            <div class="testOutput">
                        &lt;h3 style=&quot;color:#000080&quot;&gt; Login as a Normal User go to &apos;Pre Approval&apos; Listing page and verify to Sorting of Requests list by &apos;Request no.&apos; and &apos;Creation date&apos;. &lt;/h3&gt;<br />
                                &lt;li style=&quot;color:#0000FF&quot;&gt; Verified all the records displayed are sorted in descending order default with respect to the records in the respective column. &lt;/li&gt;<br />
                                &lt;li style=&quot;color:#0000FF&quot;&gt; Verified (checked with request no.) : by click of &apos;Request id column list link&apos; request lists are sortign in accending order. &lt;/li&gt;<br />
                                &lt;li style=&quot;color:#0000FF&quot;&gt; Verified (checked with creation date) : by click of &apos;Request id column list link&apos; request lists are sortign in accending order. &lt;/li&gt;<br />
                                &lt;li style=&quot;color:#0000FF&quot;&gt; Verified (checked with request no.) : by click of &apos;creation date column list link&apos; request lists are sortign in accending order. &lt;/li&gt;<br />
                                &lt;li style=&quot;color:#0000FF&quot;&gt; Verified (checked with creation date) : by click of &apos;creation date column list link&apos; request lists are sortign in accending order. &lt;/li&gt;<br />
                  </div>
    

      </td>
</tr>
      </table>
  
</body>
</html>
