<?xml version="1.0" encoding="utf-8" ?>
<!DOCTYPE html PUBLIC "-//W3C//DTD XHTML 1.0 Strict//EN"
        "http://www.w3.org/TR/xhtml1/DTD/xhtml1-strict.dtd">
<html xmlns="http://www.w3.org/1999/xhtml" xml:lang="" lang="">
<head>
  <title>Test Results Report - [TE China - BNL] - Advance Search Module Test</title>
  <meta http-equiv="Content-Type" content="text/html;charset=utf-8" />
  <meta name="description" content="TestNG unit test results." />
  <link href="reportng.css" rel="stylesheet" type="text/css" />
    <script type="text/javascript" src="reportng.js"></script>
</head>
<body>
<h1>[TE China - BNL] - Advance Search Module Test</h1>
<p>
  Test duration: 36.788s
</p>



  <table class="resultsTable">
    <tr><th colspan="3" class="header failed">Failed Tests</th></tr>
          <tr>
        <td colspan="3" class="group">tests.advanceSearch.AdvanceSearch_TestCases</td>
      </tr>
            
<tr>
  <td class="method">
                  <span class="description" title="User Logged in and Click to 'Advance Search' Tab, Select the Claim for 'Archive' and verify That claim no. should not appear on other page.">VerifyToArchiveClaim_AdvanceSearch</span>
      </td>
  <td class="duration">
    6.710s
  </td>
  <td class="result">
        
    
            <div class="testOutput">
                        &lt;h3 style=&quot;color:#000080&quot;&gt; User Logged in and Click to &apos;Advance Search&apos; Tab, Select the Claim for &apos;Archive&apos; and verify That claim no. should not appear on other page. &lt;/h3&gt;<br />
                  </div>
    

        <a href="javascript:toggleElement('exception-0', 'block')" title="Click to expand/collapse"><b>org.openqa.selenium.NoSuchElementException: Unable to find element with id == ctl00_cphMain_ddlClaimType (WARNING: The server did not provide any stacktrace information)<br/>
Command duration or timeout: 5.29 seconds<br/>
For documentation on this error, please visit: http://seleniumhq.org/exceptions/no_such_element.html<br/>
Build info: version: &apos;2.24.1&apos;, revision: &apos;17205&apos;, time: &apos;2012-06-19 17:28:14&apos;<br/>
System info: os.name: &apos;Windows 7&apos;, os.arch: &apos;x86&apos;, os.version: &apos;6.1&apos;, java.version: &apos;1.6.0_22&apos;<br/>
Driver info: driver.version: RemoteWebDriver<br/>
Session ID: 7cea6176-3ac6-44de-a26c-0038c0af67e3</b></a><br />
    <div class="stackTrace" id="exception-0">
              sun.reflect.NativeConstructorAccessorImpl.newInstance0(Native Method)<br />
              sun.reflect.NativeConstructorAccessorImpl.newInstance(Unknown Source)<br />
              sun.reflect.DelegatingConstructorAccessorImpl.newInstance(Unknown Source)<br />
              java.lang.reflect.Constructor.newInstance(Unknown Source)<br />
              org.openqa.selenium.remote.ErrorHandler.createThrowable(ErrorHandler.java:188)<br />
              org.openqa.selenium.remote.ErrorHandler.throwIfResponseFailed(ErrorHandler.java:145)<br />
              org.openqa.selenium.remote.RemoteWebDriver.execute(RemoteWebDriver.java:472)<br />
              org.openqa.selenium.remote.RemoteWebDriver.findElement(RemoteWebDriver.java:242)<br />
              org.openqa.selenium.remote.RemoteWebDriver.findElementById(RemoteWebDriver.java:271)<br />
              org.openqa.selenium.By$ById.findElement(By.java:215)<br />
              org.openqa.selenium.remote.RemoteWebDriver.findElement(RemoteWebDriver.java:234)<br />
              util.TestNgHelper.selectBylabel(TestNgHelper.java:177)<br />
              modules.AdvanceSearch.searchForSettledClaims(AdvanceSearch.java:282)<br />
              tests.advanceSearch.AdvanceSearch_TestCases.VerifyToArchiveClaim_AdvanceSearch(AdvanceSearch_TestCases.java:149)<br />
              sun.reflect.NativeMethodAccessorImpl.invoke0(Native Method)<br />
              sun.reflect.NativeMethodAccessorImpl.invoke(Unknown Source)<br />
              sun.reflect.DelegatingMethodAccessorImpl.invoke(Unknown Source)<br />
              java.lang.reflect.Method.invoke(Unknown Source)<br />
              org.testng.internal.MethodInvocationHelper.invokeMethod(MethodInvocationHelper.java:80)<br />
              org.testng.internal.Invoker.invokeMethod(Invoker.java:691)<br />
              org.testng.internal.Invoker.invokeTestMethod(Invoker.java:883)<br />
              org.testng.internal.Invoker.invokeTestMethods(Invoker.java:1208)<br />
              org.testng.internal.TestMethodWorker.invokeTestMethods(TestMethodWorker.java:127)<br />
              org.testng.internal.TestMethodWorker.run(TestMethodWorker.java:111)<br />
              org.testng.TestRunner.privateRun(TestRunner.java:758)<br />
              org.testng.TestRunner.run(TestRunner.java:613)<br />
              org.testng.SuiteRunner.runTest(SuiteRunner.java:334)<br />
              org.testng.SuiteRunner.runSequentially(SuiteRunner.java:329)<br />
              org.testng.SuiteRunner.privateRun(SuiteRunner.java:291)<br />
              org.testng.SuiteRunner.run(SuiteRunner.java:240)<br />
              org.testng.SuiteRunnerWorker.runSuite(SuiteRunnerWorker.java:53)<br />
              org.testng.SuiteRunnerWorker.run(SuiteRunnerWorker.java:87)<br />
              org.testng.TestNG.runSuitesSequentially(TestNG.java:1142)<br />
              org.testng.TestNG.runSuitesLocally(TestNG.java:1067)<br />
              org.testng.TestNG.run(TestNG.java:979)<br />
              org.testng.remote.RemoteTestNG.run(RemoteTestNG.java:109)<br />
              org.testng.remote.RemoteTestNG.initAndRun(RemoteTestNG.java:202)<br />
              org.testng.remote.RemoteTestNG.main(RemoteTestNG.java:173)<br />
                </div>
      </td>
</tr>
<tr>
  <td class="method">
                  <span class="description" title="User Logged in and Click to 'Advance Search' Tab, search By Claim No, Requester Name & Submitted Date and verify Search functionality searching by given keyword.">searchByClaimNoRequesterNameAndSubmittedDate_VerifySearchFuntionality</span>
      </td>
  <td class="duration">
    6.601s
  </td>
  <td class="result">
        
    
            <div class="testOutput">
                        &lt;h3 style=&quot;color:#000080&quot;&gt; User Logged in and Click to &apos;Advance Search&apos; Tab, search By Claim No, Requester Name &amp; Submitted Date and verify Search functionality searching by given keyword. &lt;/h3&gt;<br />
                  </div>
    

        <a href="javascript:toggleElement('exception-1', 'block')" title="Click to expand/collapse"><b>org.openqa.selenium.NoSuchElementException: Unable to find element with id == ctl00_cphMain_lnkSearch (WARNING: The server did not provide any stacktrace information)<br/>
Command duration or timeout: 5.24 seconds<br/>
For documentation on this error, please visit: http://seleniumhq.org/exceptions/no_such_element.html<br/>
Build info: version: &apos;2.24.1&apos;, revision: &apos;17205&apos;, time: &apos;2012-06-19 17:28:14&apos;<br/>
System info: os.name: &apos;Windows 7&apos;, os.arch: &apos;x86&apos;, os.version: &apos;6.1&apos;, java.version: &apos;1.6.0_22&apos;<br/>
Driver info: driver.version: RemoteWebDriver<br/>
Session ID: 7cea6176-3ac6-44de-a26c-0038c0af67e3</b></a><br />
    <div class="stackTrace" id="exception-1">
              sun.reflect.NativeConstructorAccessorImpl.newInstance0(Native Method)<br />
              sun.reflect.NativeConstructorAccessorImpl.newInstance(Unknown Source)<br />
              sun.reflect.DelegatingConstructorAccessorImpl.newInstance(Unknown Source)<br />
              java.lang.reflect.Constructor.newInstance(Unknown Source)<br />
              org.openqa.selenium.remote.ErrorHandler.createThrowable(ErrorHandler.java:188)<br />
              org.openqa.selenium.remote.ErrorHandler.throwIfResponseFailed(ErrorHandler.java:145)<br />
              org.openqa.selenium.remote.RemoteWebDriver.execute(RemoteWebDriver.java:472)<br />
              org.openqa.selenium.remote.RemoteWebDriver.findElement(RemoteWebDriver.java:242)<br />
              org.openqa.selenium.remote.RemoteWebDriver.findElementById(RemoteWebDriver.java:271)<br />
              org.openqa.selenium.By$ById.findElement(By.java:215)<br />
              org.openqa.selenium.remote.RemoteWebDriver.findElement(RemoteWebDriver.java:234)<br />
              modules.AdvanceSearch.clickToSearchButton(AdvanceSearch.java:38)<br />
              tests.advanceSearch.AdvanceSearch_TestCases.searchByClaimNoRequesterNameAndSubmittedDate_VerifySearchFuntionality(AdvanceSearch_TestCases.java:64)<br />
              sun.reflect.NativeMethodAccessorImpl.invoke0(Native Method)<br />
              sun.reflect.NativeMethodAccessorImpl.invoke(Unknown Source)<br />
              sun.reflect.DelegatingMethodAccessorImpl.invoke(Unknown Source)<br />
              java.lang.reflect.Method.invoke(Unknown Source)<br />
              org.testng.internal.MethodInvocationHelper.invokeMethod(MethodInvocationHelper.java:80)<br />
              org.testng.internal.Invoker.invokeMethod(Invoker.java:691)<br />
              org.testng.internal.Invoker.invokeTestMethod(Invoker.java:883)<br />
              org.testng.internal.Invoker.invokeTestMethods(Invoker.java:1208)<br />
              org.testng.internal.TestMethodWorker.invokeTestMethods(TestMethodWorker.java:127)<br />
              org.testng.internal.TestMethodWorker.run(TestMethodWorker.java:111)<br />
              org.testng.TestRunner.privateRun(TestRunner.java:758)<br />
              org.testng.TestRunner.run(TestRunner.java:613)<br />
              org.testng.SuiteRunner.runTest(SuiteRunner.java:334)<br />
              org.testng.SuiteRunner.runSequentially(SuiteRunner.java:329)<br />
              org.testng.SuiteRunner.privateRun(SuiteRunner.java:291)<br />
              org.testng.SuiteRunner.run(SuiteRunner.java:240)<br />
              org.testng.SuiteRunnerWorker.runSuite(SuiteRunnerWorker.java:53)<br />
              org.testng.SuiteRunnerWorker.run(SuiteRunnerWorker.java:87)<br />
              org.testng.TestNG.runSuitesSequentially(TestNG.java:1142)<br />
              org.testng.TestNG.runSuitesLocally(TestNG.java:1067)<br />
              org.testng.TestNG.run(TestNG.java:979)<br />
              org.testng.remote.RemoteTestNG.run(RemoteTestNG.java:109)<br />
              org.testng.remote.RemoteTestNG.initAndRun(RemoteTestNG.java:202)<br />
              org.testng.remote.RemoteTestNG.main(RemoteTestNG.java:173)<br />
                </div>
      </td>
</tr>
<tr>
  <td class="method">
                  <span class="description" title="User Logged in and Click to 'Advance Search' Tab, Search By Claim Status 'Settled' and Claim Type 'Pre Approval' and result should be 'No record found.'.">searchByClaimStatusAndClaimType_VerifySearchResult</span>
      </td>
  <td class="duration">
    6.663s
  </td>
  <td class="result">
        
    
            <div class="testOutput">
                        &lt;h3 style=&quot;color:#000080&quot;&gt; User Logged in and Click to &apos;Advance Search&apos; Tab, Search By Claim Status &apos;Settled&apos; and Claim Type &apos;Pre Approval&apos; and result should be &apos;No record found.&apos; &lt;/h3&gt;<br />
                  </div>
    

        <a href="javascript:toggleElement('exception-2', 'block')" title="Click to expand/collapse"><b>org.openqa.selenium.NoSuchElementException: Unable to find element with id == ctl00_cphMain_ddlClaimType (WARNING: The server did not provide any stacktrace information)<br/>
Command duration or timeout: 5.29 seconds<br/>
For documentation on this error, please visit: http://seleniumhq.org/exceptions/no_such_element.html<br/>
Build info: version: &apos;2.24.1&apos;, revision: &apos;17205&apos;, time: &apos;2012-06-19 17:28:14&apos;<br/>
System info: os.name: &apos;Windows 7&apos;, os.arch: &apos;x86&apos;, os.version: &apos;6.1&apos;, java.version: &apos;1.6.0_22&apos;<br/>
Driver info: driver.version: RemoteWebDriver<br/>
Session ID: 7cea6176-3ac6-44de-a26c-0038c0af67e3</b></a><br />
    <div class="stackTrace" id="exception-2">
              sun.reflect.NativeConstructorAccessorImpl.newInstance0(Native Method)<br />
              sun.reflect.NativeConstructorAccessorImpl.newInstance(Unknown Source)<br />
              sun.reflect.DelegatingConstructorAccessorImpl.newInstance(Unknown Source)<br />
              java.lang.reflect.Constructor.newInstance(Unknown Source)<br />
              org.openqa.selenium.remote.ErrorHandler.createThrowable(ErrorHandler.java:188)<br />
              org.openqa.selenium.remote.ErrorHandler.throwIfResponseFailed(ErrorHandler.java:145)<br />
              org.openqa.selenium.remote.RemoteWebDriver.execute(RemoteWebDriver.java:472)<br />
              org.openqa.selenium.remote.RemoteWebDriver.findElement(RemoteWebDriver.java:242)<br />
              org.openqa.selenium.remote.RemoteWebDriver.findElementById(RemoteWebDriver.java:271)<br />
              org.openqa.selenium.By$ById.findElement(By.java:215)<br />
              org.openqa.selenium.remote.RemoteWebDriver.findElement(RemoteWebDriver.java:234)<br />
              util.TestNgHelper.selectBylabel(TestNgHelper.java:177)<br />
              tests.advanceSearch.AdvanceSearch_TestCases.searchByClaimStatusAndClaimType_VerifySearchResult(AdvanceSearch_TestCases.java:124)<br />
              sun.reflect.NativeMethodAccessorImpl.invoke0(Native Method)<br />
              sun.reflect.NativeMethodAccessorImpl.invoke(Unknown Source)<br />
              sun.reflect.DelegatingMethodAccessorImpl.invoke(Unknown Source)<br />
              java.lang.reflect.Method.invoke(Unknown Source)<br />
              org.testng.internal.MethodInvocationHelper.invokeMethod(MethodInvocationHelper.java:80)<br />
              org.testng.internal.Invoker.invokeMethod(Invoker.java:691)<br />
              org.testng.internal.Invoker.invokeTestMethod(Invoker.java:883)<br />
              org.testng.internal.Invoker.invokeTestMethods(Invoker.java:1208)<br />
              org.testng.internal.TestMethodWorker.invokeTestMethods(TestMethodWorker.java:127)<br />
              org.testng.internal.TestMethodWorker.run(TestMethodWorker.java:111)<br />
              org.testng.TestRunner.privateRun(TestRunner.java:758)<br />
              org.testng.TestRunner.run(TestRunner.java:613)<br />
              org.testng.SuiteRunner.runTest(SuiteRunner.java:334)<br />
              org.testng.SuiteRunner.runSequentially(SuiteRunner.java:329)<br />
              org.testng.SuiteRunner.privateRun(SuiteRunner.java:291)<br />
              org.testng.SuiteRunner.run(SuiteRunner.java:240)<br />
              org.testng.SuiteRunnerWorker.runSuite(SuiteRunnerWorker.java:53)<br />
              org.testng.SuiteRunnerWorker.run(SuiteRunnerWorker.java:87)<br />
              org.testng.TestNG.runSuitesSequentially(TestNG.java:1142)<br />
              org.testng.TestNG.runSuitesLocally(TestNG.java:1067)<br />
              org.testng.TestNG.run(TestNG.java:979)<br />
              org.testng.remote.RemoteTestNG.run(RemoteTestNG.java:109)<br />
              org.testng.remote.RemoteTestNG.initAndRun(RemoteTestNG.java:202)<br />
              org.testng.remote.RemoteTestNG.main(RemoteTestNG.java:173)<br />
                </div>
      </td>
</tr>
<tr>
  <td class="method">
                  <span class="description" title="User Logged in and Click to 'Advance Search' Tab, search By Claim Status. and verify Search functionality searching by given keyword.">searchByClaimStatus_VerifySearchResult</span>
      </td>
  <td class="duration">
    1.546s
  </td>
  <td class="result">
        
    
            <div class="testOutput">
                        &lt;h3 style=&quot;color:#000080&quot;&gt; User Logged in and Click to &apos;Advance Search&apos; Tab, search By Claim Status. and verify Search functionality searching by given keyword. &lt;/h3&gt;<br />
                  </div>
    

        <a href="javascript:toggleElement('exception-3', 'block')" title="Click to expand/collapse"><b>org.openqa.selenium.InvalidElementStateException: Element is not enabled (WARNING: The server did not provide any stacktrace information)<br/>
Command duration or timeout: 172 milliseconds<br/>
Build info: version: &apos;2.24.1&apos;, revision: &apos;17205&apos;, time: &apos;2012-06-19 17:28:14&apos;<br/>
System info: os.name: &apos;Windows 7&apos;, os.arch: &apos;x86&apos;, os.version: &apos;6.1&apos;, java.version: &apos;1.6.0_22&apos;<br/>
Driver info: driver.version: RemoteWebDriver<br/>
Session ID: 7cea6176-3ac6-44de-a26c-0038c0af67e3</b></a><br />
    <div class="stackTrace" id="exception-3">
              sun.reflect.NativeConstructorAccessorImpl.newInstance0(Native Method)<br />
              sun.reflect.NativeConstructorAccessorImpl.newInstance(Unknown Source)<br />
              sun.reflect.DelegatingConstructorAccessorImpl.newInstance(Unknown Source)<br />
              java.lang.reflect.Constructor.newInstance(Unknown Source)<br />
              org.openqa.selenium.remote.ErrorHandler.createThrowable(ErrorHandler.java:188)<br />
              org.openqa.selenium.remote.ErrorHandler.throwIfResponseFailed(ErrorHandler.java:145)<br />
              org.openqa.selenium.remote.RemoteWebDriver.execute(RemoteWebDriver.java:472)<br />
              org.openqa.selenium.remote.RemoteWebElement.execute(RemoteWebElement.java:244)<br />
              org.openqa.selenium.remote.RemoteWebElement.sendKeys(RemoteWebElement.java:87)<br />
              modules.AdvanceSearch.searchByClaimStatus(AdvanceSearch.java:68)<br />
              tests.advanceSearch.AdvanceSearch_TestCases.searchByClaimStatus_VerifySearchResult(AdvanceSearch_TestCases.java:98)<br />
              sun.reflect.NativeMethodAccessorImpl.invoke0(Native Method)<br />
              sun.reflect.NativeMethodAccessorImpl.invoke(Unknown Source)<br />
              sun.reflect.DelegatingMethodAccessorImpl.invoke(Unknown Source)<br />
              java.lang.reflect.Method.invoke(Unknown Source)<br />
              org.testng.internal.MethodInvocationHelper.invokeMethod(MethodInvocationHelper.java:80)<br />
              org.testng.internal.Invoker.invokeMethod(Invoker.java:691)<br />
              org.testng.internal.Invoker.invokeTestMethod(Invoker.java:883)<br />
              org.testng.internal.Invoker.invokeTestMethods(Invoker.java:1208)<br />
              org.testng.internal.TestMethodWorker.invokeTestMethods(TestMethodWorker.java:127)<br />
              org.testng.internal.TestMethodWorker.run(TestMethodWorker.java:111)<br />
              org.testng.TestRunner.privateRun(TestRunner.java:758)<br />
              org.testng.TestRunner.run(TestRunner.java:613)<br />
              org.testng.SuiteRunner.runTest(SuiteRunner.java:334)<br />
              org.testng.SuiteRunner.runSequentially(SuiteRunner.java:329)<br />
              org.testng.SuiteRunner.privateRun(SuiteRunner.java:291)<br />
              org.testng.SuiteRunner.run(SuiteRunner.java:240)<br />
              org.testng.SuiteRunnerWorker.runSuite(SuiteRunnerWorker.java:53)<br />
              org.testng.SuiteRunnerWorker.run(SuiteRunnerWorker.java:87)<br />
              org.testng.TestNG.runSuitesSequentially(TestNG.java:1142)<br />
              org.testng.TestNG.runSuitesLocally(TestNG.java:1067)<br />
              org.testng.TestNG.run(TestNG.java:979)<br />
              org.testng.remote.RemoteTestNG.run(RemoteTestNG.java:109)<br />
              org.testng.remote.RemoteTestNG.initAndRun(RemoteTestNG.java:202)<br />
              org.testng.remote.RemoteTestNG.main(RemoteTestNG.java:173)<br />
                </div>
      </td>
</tr>
<tr>
  <td class="method">
                  <span class="description" title="User Logged in and Click to 'Advance Search' Tab, search By Claim Type. and verify Search functionality searching by given keyword.">searchByClaimType_VerifySearchResult</span>
      </td>
  <td class="duration">
    6.600s
  </td>
  <td class="result">
        
    
            <div class="testOutput">
                        &lt;h3 style=&quot;color:#000080&quot;&gt; User Logged in and Click to &apos;Advance Search&apos; Tab, search By Claim Type. and verify Search functionality searching by given keyword. &lt;/h3&gt;<br />
                  </div>
    

        <a href="javascript:toggleElement('exception-4', 'block')" title="Click to expand/collapse"><b>org.openqa.selenium.NoSuchElementException: Unable to find element with id == ctl00_cphMain_ddlClaimType (WARNING: The server did not provide any stacktrace information)<br/>
Command duration or timeout: 5.26 seconds<br/>
For documentation on this error, please visit: http://seleniumhq.org/exceptions/no_such_element.html<br/>
Build info: version: &apos;2.24.1&apos;, revision: &apos;17205&apos;, time: &apos;2012-06-19 17:28:14&apos;<br/>
System info: os.name: &apos;Windows 7&apos;, os.arch: &apos;x86&apos;, os.version: &apos;6.1&apos;, java.version: &apos;1.6.0_22&apos;<br/>
Driver info: driver.version: RemoteWebDriver<br/>
Session ID: 7cea6176-3ac6-44de-a26c-0038c0af67e3</b></a><br />
    <div class="stackTrace" id="exception-4">
              sun.reflect.NativeConstructorAccessorImpl.newInstance0(Native Method)<br />
              sun.reflect.NativeConstructorAccessorImpl.newInstance(Unknown Source)<br />
              sun.reflect.DelegatingConstructorAccessorImpl.newInstance(Unknown Source)<br />
              java.lang.reflect.Constructor.newInstance(Unknown Source)<br />
              org.openqa.selenium.remote.ErrorHandler.createThrowable(ErrorHandler.java:188)<br />
              org.openqa.selenium.remote.ErrorHandler.throwIfResponseFailed(ErrorHandler.java:145)<br />
              org.openqa.selenium.remote.RemoteWebDriver.execute(RemoteWebDriver.java:472)<br />
              org.openqa.selenium.remote.RemoteWebDriver.findElement(RemoteWebDriver.java:242)<br />
              org.openqa.selenium.remote.RemoteWebDriver.findElementById(RemoteWebDriver.java:271)<br />
              org.openqa.selenium.By$ById.findElement(By.java:215)<br />
              org.openqa.selenium.remote.RemoteWebDriver.findElement(RemoteWebDriver.java:234)<br />
              util.TestNgHelper.selectByIndex(TestNgHelper.java:169)<br />
              modules.AdvanceSearch.searchByClaimType(AdvanceSearch.java:234)<br />
              tests.advanceSearch.AdvanceSearch_TestCases.searchByClaimType_VerifySearchResult(AdvanceSearch_TestCases.java:111)<br />
              sun.reflect.NativeMethodAccessorImpl.invoke0(Native Method)<br />
              sun.reflect.NativeMethodAccessorImpl.invoke(Unknown Source)<br />
              sun.reflect.DelegatingMethodAccessorImpl.invoke(Unknown Source)<br />
              java.lang.reflect.Method.invoke(Unknown Source)<br />
              org.testng.internal.MethodInvocationHelper.invokeMethod(MethodInvocationHelper.java:80)<br />
              org.testng.internal.Invoker.invokeMethod(Invoker.java:691)<br />
              org.testng.internal.Invoker.invokeTestMethod(Invoker.java:883)<br />
              org.testng.internal.Invoker.invokeTestMethods(Invoker.java:1208)<br />
              org.testng.internal.TestMethodWorker.invokeTestMethods(TestMethodWorker.java:127)<br />
              org.testng.internal.TestMethodWorker.run(TestMethodWorker.java:111)<br />
              org.testng.TestRunner.privateRun(TestRunner.java:758)<br />
              org.testng.TestRunner.run(TestRunner.java:613)<br />
              org.testng.SuiteRunner.runTest(SuiteRunner.java:334)<br />
              org.testng.SuiteRunner.runSequentially(SuiteRunner.java:329)<br />
              org.testng.SuiteRunner.privateRun(SuiteRunner.java:291)<br />
              org.testng.SuiteRunner.run(SuiteRunner.java:240)<br />
              org.testng.SuiteRunnerWorker.runSuite(SuiteRunnerWorker.java:53)<br />
              org.testng.SuiteRunnerWorker.run(SuiteRunnerWorker.java:87)<br />
              org.testng.TestNG.runSuitesSequentially(TestNG.java:1142)<br />
              org.testng.TestNG.runSuitesLocally(TestNG.java:1067)<br />
              org.testng.TestNG.run(TestNG.java:979)<br />
              org.testng.remote.RemoteTestNG.run(RemoteTestNG.java:109)<br />
              org.testng.remote.RemoteTestNG.initAndRun(RemoteTestNG.java:202)<br />
              org.testng.remote.RemoteTestNG.main(RemoteTestNG.java:173)<br />
                </div>
      </td>
</tr>
<tr>
  <td class="method">
                  <span class="description" title="User Logged in and Click to 'Advance Search' Tab, Verify Page navigate to 'Advance Search' page and All Fields are Present.">verifyFieldsPresentOnAdvanceSearchPage</span>
      </td>
  <td class="duration">
    1.467s
  </td>
  <td class="result">
        
    
            <div class="testOutput">
                        &lt;h3 style=&quot;color:#000080&quot;&gt; User Logged in and Click to &apos;Advance Search&apos; Tab, Verify Page navigate to &apos;Advance Search&apos; page and All Fields are Present. &lt;/h3&gt;<br />
                  </div>
    

        <a href="javascript:toggleElement('exception-5', 'block')" title="Click to expand/collapse"><b>java.lang.AssertionError: expected:&lt;AdvanceSearch&gt; but was:&lt;TravelExpense.aspx?ClaimID=568&amp;ClaimNo=TE-PH-121-201210&gt;</b></a><br />
    <div class="stackTrace" id="exception-5">
              org.testng.Assert.fail(Assert.java:89)<br />
              org.testng.Assert.failNotEquals(Assert.java:489)<br />
              org.testng.Assert.assertEquals(Assert.java:118)<br />
              org.testng.Assert.assertEquals(Assert.java:171)<br />
              org.testng.Assert.assertEquals(Assert.java:181)<br />
              tests.advanceSearch.AdvanceSearch_TestCases.verifyFieldsPresentOnAdvanceSearchPage(AdvanceSearch_TestCases.java:27)<br />
              sun.reflect.NativeMethodAccessorImpl.invoke0(Native Method)<br />
              sun.reflect.NativeMethodAccessorImpl.invoke(Unknown Source)<br />
              sun.reflect.DelegatingMethodAccessorImpl.invoke(Unknown Source)<br />
              java.lang.reflect.Method.invoke(Unknown Source)<br />
              org.testng.internal.MethodInvocationHelper.invokeMethod(MethodInvocationHelper.java:80)<br />
              org.testng.internal.Invoker.invokeMethod(Invoker.java:691)<br />
              org.testng.internal.Invoker.invokeTestMethod(Invoker.java:883)<br />
              org.testng.internal.Invoker.invokeTestMethods(Invoker.java:1208)<br />
              org.testng.internal.TestMethodWorker.invokeTestMethods(TestMethodWorker.java:127)<br />
              org.testng.internal.TestMethodWorker.run(TestMethodWorker.java:111)<br />
              org.testng.TestRunner.privateRun(TestRunner.java:758)<br />
              org.testng.TestRunner.run(TestRunner.java:613)<br />
              org.testng.SuiteRunner.runTest(SuiteRunner.java:334)<br />
              org.testng.SuiteRunner.runSequentially(SuiteRunner.java:329)<br />
              org.testng.SuiteRunner.privateRun(SuiteRunner.java:291)<br />
              org.testng.SuiteRunner.run(SuiteRunner.java:240)<br />
              org.testng.SuiteRunnerWorker.runSuite(SuiteRunnerWorker.java:53)<br />
              org.testng.SuiteRunnerWorker.run(SuiteRunnerWorker.java:87)<br />
              org.testng.TestNG.runSuitesSequentially(TestNG.java:1142)<br />
              org.testng.TestNG.runSuitesLocally(TestNG.java:1067)<br />
              org.testng.TestNG.run(TestNG.java:979)<br />
              org.testng.remote.RemoteTestNG.run(RemoteTestNG.java:109)<br />
              org.testng.remote.RemoteTestNG.initAndRun(RemoteTestNG.java:202)<br />
              org.testng.remote.RemoteTestNG.main(RemoteTestNG.java:173)<br />
                </div>
      </td>
</tr>
      </table>


  
</body>
</html>
